{"total": {"lines":{"total":501,"covered":374,"skipped":0,"pct":74.65},"statements":{"total":732,"covered":533,"skipped":0,"pct":72.81},"functions":{"total":165,"covered":119,"skipped":0,"pct":72.12},"branches":{"total":110,"covered":84,"skipped":0,"pct":76.36},"branchesTrue":{"total":0,"covered":0,"skipped":0,"pct":100}}
,"/Users/joffreyhernandez/Repository/OC/parcours-Angular_Java/P5-Full-Stack-testing/front/src/main.ts": {"lines":{"total":4,"covered":2,"skipped":0,"pct":50},"functions":{"total":1,"covered":0,"skipped":0,"pct":0},"statements":{"total":4,"covered":2,"skipped":0,"pct":50},"branches":{"total":2,"covered":1,"skipped":0,"pct":50}}
,"/Users/joffreyhernandez/Repository/OC/parcours-Angular_Java/P5-Full-Stack-testing/front/src/app/app-routing.module.ts": {"lines":{"total":4,"covered":3,"skipped":0,"pct":75},"functions":{"total":5,"covered":3,"skipped":0,"pct":60},"statements":{"total":7,"covered":5,"skipped":0,"pct":71.42},"branches":{"total":2,"covered":2,"skipped":0,"pct":100}}
,"/Users/joffreyhernandez/Repository/OC/parcours-Angular_Java/P5-Full-Stack-testing/front/src/app/app.component.html": {"lines":{"total":14,"covered":11,"skipped":0,"pct":78.57},"functions":{"total":1,"covered":0,"skipped":0,"pct":0},"statements":{"total":25,"covered":16,"skipped":0,"pct":64},"branches":{"total":0,"covered":0,"skipped":0,"pct":100}}
,"/Users/joffreyhernandez/Repository/OC/parcours-Angular_Java/P5-Full-Stack-testing/front/src/app/app.component.ts": {"lines":{"total":7,"covered":5,"skipped":0,"pct":71.42},"functions":{"total":4,"covered":3,"skipped":0,"pct":75},"statements":{"total":8,"covered":6,"skipped":0,"pct":75},"branches":{"total":2,"covered":2,"skipped":0,"pct":100}}
,"/Users/joffreyhernandez/Repository/OC/parcours-Angular_Java/P5-Full-Stack-testing/front/src/app/app.module.ts": {"lines":{"total":2,"covered":2,"skipped":0,"pct":100},"functions":{"total":1,"covered":1,"skipped":0,"pct":100},"statements":{"total":3,"covered":3,"skipped":0,"pct":100},"branches":{"total":2,"covered":2,"skipped":0,"pct":100}}
,"/Users/joffreyhernandez/Repository/OC/parcours-Angular_Java/P5-Full-Stack-testing/front/src/app/components/me/me.component.html": {"lines":{"total":18,"covered":0,"skipped":0,"pct":0},"functions":{"total":2,"covered":0,"skipped":0,"pct":0},"statements":{"total":43,"covered":0,"skipped":0,"pct":0},"branches":{"total":0,"covered":0,"skipped":0,"pct":100}}
,"/Users/joffreyhernandez/Repository/OC/parcours-Angular_Java/P5-Full-Stack-testing/front/src/app/components/me/me.component.ts": {"lines":{"total":12,"covered":1,"skipped":0,"pct":8.33},"functions":{"total":7,"covered":1,"skipped":0,"pct":14.28},"statements":{"total":13,"covered":1,"skipped":0,"pct":7.69},"branches":{"total":2,"covered":0,"skipped":0,"pct":0}}
,"/Users/joffreyhernandez/Repository/OC/parcours-Angular_Java/P5-Full-Stack-testing/front/src/app/components/not-found/not-found.component.html": {"lines":{"total":2,"covered":0,"skipped":0,"pct":0},"functions":{"total":0,"covered":0,"skipped":0,"pct":100},"statements":{"total":3,"covered":0,"skipped":0,"pct":0},"branches":{"total":0,"covered":0,"skipped":0,"pct":100}}
,"/Users/joffreyhernandez/Repository/OC/parcours-Angular_Java/P5-Full-Stack-testing/front/src/app/components/not-found/not-found.component.ts": {"lines":{"total":1,"covered":1,"skipped":0,"pct":100},"functions":{"total":1,"covered":1,"skipped":0,"pct":100},"statements":{"total":2,"covered":1,"skipped":0,"pct":50},"branches":{"total":2,"covered":0,"skipped":0,"pct":0}}
,"/Users/joffreyhernandez/Repository/OC/parcours-Angular_Java/P5-Full-Stack-testing/front/src/app/features/auth/auth-routing.module.ts": {"lines":{"total":2,"covered":2,"skipped":0,"pct":100},"functions":{"total":1,"covered":1,"skipped":0,"pct":100},"statements":{"total":3,"covered":3,"skipped":0,"pct":100},"branches":{"total":2,"covered":2,"skipped":0,"pct":100}}
,"/Users/joffreyhernandez/Repository/OC/parcours-Angular_Java/P5-Full-Stack-testing/front/src/app/features/auth/auth.module.ts": {"lines":{"total":2,"covered":2,"skipped":0,"pct":100},"functions":{"total":1,"covered":1,"skipped":0,"pct":100},"statements":{"total":3,"covered":3,"skipped":0,"pct":100},"branches":{"total":2,"covered":2,"skipped":0,"pct":100}}
,"/Users/joffreyhernandez/Repository/OC/parcours-Angular_Java/P5-Full-Stack-testing/front/src/app/features/auth/components/login/login.component.html": {"lines":{"total":13,"covered":0,"skipped":0,"pct":0},"functions":{"total":2,"covered":0,"skipped":0,"pct":0},"statements":{"total":27,"covered":0,"skipped":0,"pct":0},"branches":{"total":4,"covered":0,"skipped":0,"pct":0}}
,"/Users/joffreyhernandez/Repository/OC/parcours-Angular_Java/P5-Full-Stack-testing/front/src/app/features/auth/components/login/login.component.ts": {"lines":{"total":13,"covered":1,"skipped":0,"pct":7.69},"functions":{"total":5,"covered":1,"skipped":0,"pct":20},"statements":{"total":14,"covered":1,"skipped":0,"pct":7.14},"branches":{"total":2,"covered":0,"skipped":0,"pct":0}}
,"/Users/joffreyhernandez/Repository/OC/parcours-Angular_Java/P5-Full-Stack-testing/front/src/app/features/auth/components/register/register.component.html": {"lines":{"total":18,"covered":0,"skipped":0,"pct":0},"functions":{"total":1,"covered":0,"skipped":0,"pct":0},"statements":{"total":27,"covered":0,"skipped":0,"pct":0},"branches":{"total":0,"covered":0,"skipped":0,"pct":100}}
,"/Users/joffreyhernandez/Repository/OC/parcours-Angular_Java/P5-Full-Stack-testing/front/src/app/features/auth/components/register/register.component.ts": {"lines":{"total":10,"covered":1,"skipped":0,"pct":10},"functions":{"total":5,"covered":1,"skipped":0,"pct":20},"statements":{"total":11,"covered":1,"skipped":0,"pct":9.09},"branches":{"total":2,"covered":0,"skipped":0,"pct":0}}
,"/Users/joffreyhernandez/Repository/OC/parcours-Angular_Java/P5-Full-Stack-testing/front/src/app/features/auth/services/auth.service.ts": {"lines":{"total":5,"covered":3,"skipped":0,"pct":60},"functions":{"total":4,"covered":2,"skipped":0,"pct":50},"statements":{"total":6,"covered":4,"skipped":0,"pct":66.66},"branches":{"total":2,"covered":2,"skipped":0,"pct":100}}
,"/Users/joffreyhernandez/Repository/OC/parcours-Angular_Java/P5-Full-Stack-testing/front/src/app/guards/auth.guard.ts": {"lines":{"total":7,"covered":1,"skipped":0,"pct":14.28},"functions":{"total":3,"covered":1,"skipped":0,"pct":33.33},"statements":{"total":8,"covered":1,"skipped":0,"pct":12.5},"branches":{"total":4,"covered":0,"skipped":0,"pct":0}}
,"/Users/joffreyhernandez/Repository/OC/parcours-Angular_Java/P5-Full-Stack-testing/front/src/app/guards/unauth.guard.ts": {"lines":{"total":7,"covered":5,"skipped":0,"pct":71.42},"functions":{"total":3,"covered":3,"skipped":0,"pct":100},"statements":{"total":8,"covered":6,"skipped":0,"pct":75},"branches":{"total":4,"covered":3,"skipped":0,"pct":75}}
,"/Users/joffreyhernandez/Repository/OC/parcours-Angular_Java/P5-Full-Stack-testing/front/src/app/interceptors/jwt.interceptor.ts": {"lines":{"total":5,"covered":1,"skipped":0,"pct":20},"functions":{"total":3,"covered":1,"skipped":0,"pct":33.33},"statements":{"total":6,"covered":1,"skipped":0,"pct":16.66},"branches":{"total":4,"covered":0,"skipped":0,"pct":0}}
,"/Users/joffreyhernandez/Repository/OC/parcours-Angular_Java/P5-Full-Stack-testing/front/src/app/services/session.service.ts": {"lines":{"total":11,"covered":4,"skipped":0,"pct":36.36},"functions":{"total":6,"covered":3,"skipped":0,"pct":50},"statements":{"total":12,"covered":5,"skipped":0,"pct":41.66},"branches":{"total":2,"covered":2,"skipped":0,"pct":100}}
,"/Users/joffreyhernandez/Repository/OC/parcours-Angular_Java/P5-Full-Stack-testing/front/src/app/services/user.service.ts": {"lines":{"total":5,"covered":1,"skipped":0,"pct":20},"functions":{"total":4,"covered":1,"skipped":0,"pct":25},"statements":{"total":6,"covered":1,"skipped":0,"pct":16.66},"branches":{"total":2,"covered":0,"skipped":0,"pct":0}}
,"/Users/joffreyhernandez/Repository/OC/parcours-Angular_Java/P5-Full-Stack-testing/front/src/environments/environment.ts": {"lines":{"total":1,"covered":1,"skipped":0,"pct":100},"functions":{"total":0,"covered":0,"skipped":0,"pct":100},"statements":{"total":1,"covered":1,"skipped":0,"pct":100},"branches":{"total":0,"covered":0,"skipped":0,"pct":100}}
,"/home/runner/work/OC5-testing-an-application/OC5-testing-an-application/front/src/app/app-routing.module.ts": {"lines":{"total":4,"covered":4,"skipped":0,"pct":100},"functions":{"total":5,"covered":5,"skipped":0,"pct":100},"statements":{"total":7,"covered":7,"skipped":0,"pct":100},"branches":{"total":2,"covered":2,"skipped":0,"pct":100}}
,"/home/runner/work/OC5-testing-an-application/OC5-testing-an-application/front/src/app/app.component.html": {"lines":{"total":14,"covered":14,"skipped":0,"pct":100},"functions":{"total":1,"covered":0,"skipped":0,"pct":0},"statements":{"total":25,"covered":25,"skipped":0,"pct":100},"branches":{"total":0,"covered":0,"skipped":0,"pct":100}}
,"/home/runner/work/OC5-testing-an-application/OC5-testing-an-application/front/src/app/app.component.ts": {"lines":{"total":7,"covered":5,"skipped":0,"pct":71.42},"functions":{"total":4,"covered":3,"skipped":0,"pct":75},"statements":{"total":8,"covered":6,"skipped":0,"pct":75},"branches":{"total":2,"covered":2,"skipped":0,"pct":100}}
,"/home/runner/work/OC5-testing-an-application/OC5-testing-an-application/front/src/app/app.module.ts": {"lines":{"total":2,"covered":2,"skipped":0,"pct":100},"functions":{"total":1,"covered":1,"skipped":0,"pct":100},"statements":{"total":3,"covered":3,"skipped":0,"pct":100},"branches":{"total":2,"covered":2,"skipped":0,"pct":100}}
,"/home/runner/work/OC5-testing-an-application/OC5-testing-an-application/front/src/app/components/me/me.component.html": {"lines":{"total":18,"covered":18,"skipped":0,"pct":100},"functions":{"total":2,"covered":2,"skipped":0,"pct":100},"statements":{"total":43,"covered":41,"skipped":0,"pct":95.34},"branches":{"total":0,"covered":0,"skipped":0,"pct":100}}
,"/home/runner/work/OC5-testing-an-application/OC5-testing-an-application/front/src/app/components/me/me.component.ts": {"lines":{"total":12,"covered":12,"skipped":0,"pct":100},"functions":{"total":7,"covered":7,"skipped":0,"pct":100},"statements":{"total":13,"covered":13,"skipped":0,"pct":100},"branches":{"total":2,"covered":2,"skipped":0,"pct":100}}
,"/home/runner/work/OC5-testing-an-application/OC5-testing-an-application/front/src/app/components/not-found/not-found.component.html": {"lines":{"total":2,"covered":2,"skipped":0,"pct":100},"functions":{"total":0,"covered":0,"skipped":0,"pct":100},"statements":{"total":3,"covered":3,"skipped":0,"pct":100},"branches":{"total":0,"covered":0,"skipped":0,"pct":100}}
,"/home/runner/work/OC5-testing-an-application/OC5-testing-an-application/front/src/app/components/not-found/not-found.component.ts": {"lines":{"total":1,"covered":1,"skipped":0,"pct":100},"functions":{"total":1,"covered":1,"skipped":0,"pct":100},"statements":{"total":2,"covered":2,"skipped":0,"pct":100},"branches":{"total":2,"covered":2,"skipped":0,"pct":100}}
,"/home/runner/work/OC5-testing-an-application/OC5-testing-an-application/front/src/app/features/auth/auth-routing.module.ts": {"lines":{"total":2,"covered":2,"skipped":0,"pct":100},"functions":{"total":1,"covered":1,"skipped":0,"pct":100},"statements":{"total":3,"covered":3,"skipped":0,"pct":100},"branches":{"total":2,"covered":2,"skipped":0,"pct":100}}
,"/home/runner/work/OC5-testing-an-application/OC5-testing-an-application/front/src/app/features/auth/auth.module.ts": {"lines":{"total":2,"covered":2,"skipped":0,"pct":100},"functions":{"total":1,"covered":1,"skipped":0,"pct":100},"statements":{"total":3,"covered":3,"skipped":0,"pct":100},"branches":{"total":2,"covered":2,"skipped":0,"pct":100}}
,"/home/runner/work/OC5-testing-an-application/OC5-testing-an-application/front/src/app/features/auth/components/login/login.component.html": {"lines":{"total":13,"covered":13,"skipped":0,"pct":100},"functions":{"total":2,"covered":2,"skipped":0,"pct":100},"statements":{"total":27,"covered":27,"skipped":0,"pct":100},"branches":{"total":4,"covered":4,"skipped":0,"pct":100}}
,"/home/runner/work/OC5-testing-an-application/OC5-testing-an-application/front/src/app/features/auth/components/login/login.component.ts": {"lines":{"total":13,"covered":13,"skipped":0,"pct":100},"functions":{"total":5,"covered":5,"skipped":0,"pct":100},"statements":{"total":14,"covered":14,"skipped":0,"pct":100},"branches":{"total":2,"covered":2,"skipped":0,"pct":100}}
,"/home/runner/work/OC5-testing-an-application/OC5-testing-an-application/front/src/app/features/auth/components/register/register.component.html": {"lines":{"total":18,"covered":18,"skipped":0,"pct":100},"functions":{"total":1,"covered":1,"skipped":0,"pct":100},"statements":{"total":27,"covered":27,"skipped":0,"pct":100},"branches":{"total":0,"covered":0,"skipped":0,"pct":100}}
,"/home/runner/work/OC5-testing-an-application/OC5-testing-an-application/front/src/app/features/auth/components/register/register.component.ts": {"lines":{"total":10,"covered":10,"skipped":0,"pct":100},"functions":{"total":5,"covered":5,"skipped":0,"pct":100},"statements":{"total":11,"covered":11,"skipped":0,"pct":100},"branches":{"total":2,"covered":2,"skipped":0,"pct":100}}
,"/home/runner/work/OC5-testing-an-application/OC5-testing-an-application/front/src/app/features/auth/services/auth.service.ts": {"lines":{"total":5,"covered":5,"skipped":0,"pct":100},"functions":{"total":4,"covered":4,"skipped":0,"pct":100},"statements":{"total":6,"covered":6,"skipped":0,"pct":100},"branches":{"total":2,"covered":2,"skipped":0,"pct":100}}
,"/home/runner/work/OC5-testing-an-application/OC5-testing-an-application/front/src/app/features/sessions/sessions-routing.module.ts": {"lines":{"total":2,"covered":2,"skipped":0,"pct":100},"functions":{"total":1,"covered":1,"skipped":0,"pct":100},"statements":{"total":3,"covered":3,"skipped":0,"pct":100},"branches":{"total":2,"covered":2,"skipped":0,"pct":100}}
,"/home/runner/work/OC5-testing-an-application/OC5-testing-an-application/front/src/app/features/sessions/sessions.module.ts": {"lines":{"total":3,"covered":3,"skipped":0,"pct":100},"functions":{"total":1,"covered":1,"skipped":0,"pct":100},"statements":{"total":4,"covered":4,"skipped":0,"pct":100},"branches":{"total":2,"covered":2,"skipped":0,"pct":100}}
,"/home/runner/work/OC5-testing-an-application/OC5-testing-an-application/front/src/app/features/sessions/components/detail/detail.component.html": {"lines":{"total":42,"covered":40,"skipped":0,"pct":95.23},"functions":{"total":4,"covered":2,"skipped":0,"pct":50},"statements":{"total":81,"covered":74,"skipped":0,"pct":91.35},"branches":{"total":0,"covered":0,"skipped":0,"pct":100}}
,"/home/runner/work/OC5-testing-an-application/OC5-testing-an-application/front/src/app/features/sessions/components/detail/detail.component.ts": {"lines":{"total":26,"covered":24,"skipped":0,"pct":92.3},"functions":{"total":14,"covered":10,"skipped":0,"pct":71.42},"statements":{"total":29,"covered":25,"skipped":0,"pct":86.2},"branches":{"total":2,"covered":2,"skipped":0,"pct":100}}
,"/home/runner/work/OC5-testing-an-application/OC5-testing-an-application/front/src/app/features/sessions/components/form/form.component.html": {"lines":{"total":31,"covered":31,"skipped":0,"pct":100},"functions":{"total":1,"covered":1,"skipped":0,"pct":100},"statements":{"total":46,"covered":46,"skipped":0,"pct":100},"branches":{"total":0,"covered":0,"skipped":0,"pct":100}}
,"/home/runner/work/OC5-testing-an-application/OC5-testing-an-application/front/src/app/features/sessions/components/form/form.component.ts": {"lines":{"total":28,"covered":26,"skipped":0,"pct":92.85},"functions":{"total":9,"covered":8,"skipped":0,"pct":88.88},"statements":{"total":29,"covered":27,"skipped":0,"pct":93.1},"branches":{"total":16,"covered":15,"skipped":0,"pct":93.75}}
,"/home/runner/work/OC5-testing-an-application/OC5-testing-an-application/front/src/app/features/sessions/components/list/list.component.html": {"lines":{"total":28,"covered":28,"skipped":0,"pct":100},"functions":{"total":0,"covered":0,"skipped":0,"pct":100},"statements":{"total":42,"covered":42,"skipped":0,"pct":100},"branches":{"total":0,"covered":0,"skipped":0,"pct":100}}
,"/home/runner/work/OC5-testing-an-application/OC5-testing-an-application/front/src/app/features/sessions/components/list/list.component.ts": {"lines":{"total":5,"covered":5,"skipped":0,"pct":100},"functions":{"total":3,"covered":3,"skipped":0,"pct":100},"statements":{"total":6,"covered":6,"skipped":0,"pct":100},"branches":{"total":2,"covered":2,"skipped":0,"pct":100}}
,"/home/runner/work/OC5-testing-an-application/OC5-testing-an-application/front/src/app/features/sessions/services/session-api.service.ts": {"lines":{"total":10,"covered":9,"skipped":0,"pct":90},"functions":{"total":9,"covered":8,"skipped":0,"pct":88.88},"statements":{"total":11,"covered":10,"skipped":0,"pct":90.9},"branches":{"total":2,"covered":2,"skipped":0,"pct":100}}
,"/home/runner/work/OC5-testing-an-application/OC5-testing-an-application/front/src/app/guards/auth.guard.ts": {"lines":{"total":7,"covered":7,"skipped":0,"pct":100},"functions":{"total":3,"covered":3,"skipped":0,"pct":100},"statements":{"total":8,"covered":8,"skipped":0,"pct":100},"branches":{"total":4,"covered":4,"skipped":0,"pct":100}}
,"/home/runner/work/OC5-testing-an-application/OC5-testing-an-application/front/src/app/guards/unauth.guard.ts": {"lines":{"total":7,"covered":5,"skipped":0,"pct":71.42},"functions":{"total":3,"covered":3,"skipped":0,"pct":100},"statements":{"total":8,"covered":6,"skipped":0,"pct":75},"branches":{"total":4,"covered":3,"skipped":0,"pct":75}}
,"/home/runner/work/OC5-testing-an-application/OC5-testing-an-application/front/src/app/interceptors/jwt.interceptor.ts": {"lines":{"total":5,"covered":5,"skipped":0,"pct":100},"functions":{"total":3,"covered":3,"skipped":0,"pct":100},"statements":{"total":6,"covered":6,"skipped":0,"pct":100},"branches":{"total":4,"covered":4,"skipped":0,"pct":100}}
,"/home/runner/work/OC5-testing-an-application/OC5-testing-an-application/front/src/app/services/session.service.ts": {"lines":{"total":11,"covered":11,"skipped":0,"pct":100},"functions":{"total":6,"covered":6,"skipped":0,"pct":100},"statements":{"total":12,"covered":12,"skipped":0,"pct":100},"branches":{"total":2,"covered":2,"skipped":0,"pct":100}}
,"/home/runner/work/OC5-testing-an-application/OC5-testing-an-application/front/src/app/services/teacher.service.ts": {"lines":{"total":5,"covered":5,"skipped":0,"pct":100},"functions":{"total":4,"covered":4,"skipped":0,"pct":100},"statements":{"total":6,"covered":6,"skipped":0,"pct":100},"branches":{"total":2,"covered":2,"skipped":0,"pct":100}}
,"/home/runner/work/OC5-testing-an-application/OC5-testing-an-application/front/src/app/services/user.service.ts": {"lines":{"total":5,"covered":5,"skipped":0,"pct":100},"functions":{"total":4,"covered":4,"skipped":0,"pct":100},"statements":{"total":6,"covered":6,"skipped":0,"pct":100},"branches":{"total":2,"covered":2,"skipped":0,"pct":100}}
}
