{"/Users/joffreyhernandez/Repository/OC/parcours-Angular_Java/P5-Full-Stack-testing/front/src/main.ts": {"path":"/Users/joffreyhernandez/Repository/OC/parcours-Angular_Java/P5-Full-Stack-testing/front/src/main.ts","statementMap":{"0":{"start":{"line":7,"column":0},"end":{"line":9,"column":null}},"1":{"start":{"line":8,"column":2},"end":{"line":8,"column":null}},"2":{"start":{"line":11,"column":0},"end":{"line":11,"column":25}},"3":{"start":{"line":12,"column":16},"end":{"line":12,"column":23}}},"fnMap":{"0":{"name":"(anonymous_0)","decl":{"start":{"line":12,"column":9},"end":{"line":12,"column":12}},"loc":{"start":{"line":12,"column":16},"end":{"line":12,"column":23}}}},"branchMap":{"0":{"loc":{"start":{"line":7,"column":0},"end":{"line":9,"column":null}},"type":"if","locations":[{"start":{"line":7,"column":0},"end":{"line":9,"column":null}},{"start":{"line":7,"column":0},"end":{"line":9,"column":null}}]}},"s":{"0":4,"1":0,"2":4,"3":0},"f":{"0":0},"b":{"0":[0,4]}}
,"/Users/joffreyhernandez/Repository/OC/parcours-Angular_Java/P5-Full-Stack-testing/front/src/app/app-routing.module.ts": {"path":"/Users/joffreyhernandez/Repository/OC/parcours-Angular_Java/P5-Full-Stack-testing/front/src/app/app-routing.module.ts","statementMap":{"0":{"start":{"line":8,"column":23},"end":{"line":8,"column":null}},"1":{"start":{"line":12,"column":24},"end":{"line":12,"column":31}},"2":{"start":{"line":12,"column":72},"end":{"line":12,"column":null}},"3":{"start":{"line":17,"column":24},"end":{"line":17,"column":31}},"4":{"start":{"line":17,"column":80},"end":{"line":17,"column":null}},"5":{"start":{"line":32,"column":0},"end":{"line":32,"column":6}},"6":{"start":{"line":32,"column":13},"end":{"line":32,"column":29}}},"fnMap":{"0":{"name":"(anonymous_0)","decl":{"start":{"line":12,"column":18},"end":{"line":12,"column":24}},"loc":{"start":{"line":12,"column":24},"end":{"line":12,"column":31}}},"1":{"name":"(anonymous_1)","decl":{"start":{"line":12,"column":67},"end":{"line":12,"column":68}},"loc":{"start":{"line":12,"column":72},"end":{"line":12,"column":null}}},"2":{"name":"(anonymous_2)","decl":{"start":{"line":17,"column":18},"end":{"line":17,"column":24}},"loc":{"start":{"line":17,"column":24},"end":{"line":17,"column":31}}},"3":{"name":"(anonymous_3)","decl":{"start":{"line":17,"column":75},"end":{"line":17,"column":76}},"loc":{"start":{"line":17,"column":80},"end":{"line":17,"column":null}}},"4":{"name":"(anonymous_4)","decl":{"start":{"line":32,"column":0},"end":{"line":32,"column":6}},"loc":{"start":{"line":32,"column":0},"end":{"line":32,"column":6}}}},"branchMap":{"0":{"loc":{"start":{"line":32,"column":13},"end":{"line":32,"column":29}},"type":"binary-expr","locations":[{"start":{"line":32,"column":13},"end":{"line":32,"column":29}},{"start":{"line":32,"column":13},"end":{"line":32,"column":29}}]}},"s":{"0":4,"1":4,"2":4,"3":0,"4":0,"5":8,"6":4},"f":{"0":4,"1":4,"2":0,"3":0,"4":4},"b":{"0":[4,4]}}
,"/Users/joffreyhernandez/Repository/OC/parcours-Angular_Java/P5-Full-Stack-testing/front/src/app/app.component.html": {"path":"/Users/joffreyhernandez/Repository/OC/parcours-Angular_Java/P5-Full-Stack-testing/front/src/app/app.component.html","statementMap":{"0":{"start":{"line":4,"column":4},"end":{"line":4,"column":10}},"1":{"start":{"line":5,"column":47},"end":{"line":5,"column":55}},"2":{"start":{"line":5,"column":55},"end":{"line":5,"column":null}},"3":{"start":{"line":6,"column":6},"end":{"line":6,"column":41}},"4":{"start":{"line":6,"column":41},"end":{"line":6,"column":48}},"5":{"start":{"line":6,"column":48},"end":{"line":6,"column":null}},"6":{"start":{"line":7,"column":6},"end":{"line":7,"column":12}},"7":{"start":{"line":7,"column":12},"end":{"line":7,"column":21}},"8":{"start":{"line":7,"column":44},"end":{"line":7,"column":50}},"9":{"start":{"line":7,"column":50},"end":{"line":7,"column":null}},"10":{"start":{"line":10,"column":6},"end":{"line":10,"column":11}},"11":{"start":{"line":11,"column":46},"end":{"line":11,"column":51}},"12":{"start":{"line":11,"column":51},"end":{"line":11,"column":null}},"13":{"start":{"line":12,"column":8},"end":{"line":12,"column":49}},"14":{"start":{"line":12,"column":49},"end":{"line":12,"column":57}},"15":{"start":{"line":12,"column":57},"end":{"line":12,"column":null}},"16":{"start":{"line":1,"column":0},"end":{"line":1,"column":17}},"17":{"start":{"line":3,"column":10},"end":{"line":3,"column":18}},"18":{"start":{"line":3,"column":18},"end":{"line":3,"column":null}},"19":{"start":{"line":9,"column":4},"end":{"line":9,"column":null}},"20":{"start":{"line":15,"column":2},"end":{"line":15,"column":null}},"21":{"start":{"line":16,"column":2},"end":{"line":16,"column":null}},"22":{"start":{"line":17,"column":4},"end":{"line":17,"column":null}},"23":{"start":{"line":18,"column":2},"end":{"line":18,"column":null}},"24":{"start":{"line":4,"column":10},"end":{"line":4,"column":37}}},"fnMap":{"0":{"name":"AppComponent_div_4_Template_span_click_5_listener","decl":{"start":{"line":7,"column":12},"end":{"line":7,"column":21}},"loc":{"start":{"line":7,"column":12},"end":{"line":7,"column":44}}}},"branchMap":{},"s":{"0":4,"1":0,"2":0,"3":0,"4":0,"5":0,"6":0,"7":0,"8":0,"9":0,"10":4,"11":4,"12":4,"13":4,"14":4,"15":4,"16":4,"17":4,"18":4,"19":4,"20":4,"21":4,"22":4,"23":4,"24":48},"f":{"0":0},"b":{}}
,"/Users/joffreyhernandez/Repository/OC/parcours-Angular_Java/P5-Full-Stack-testing/front/src/app/app.component.ts": {"path":"/Users/joffreyhernandez/Repository/OC/parcours-Angular_Java/P5-Full-Stack-testing/front/src/app/app.component.ts","statementMap":{"0":{"start":{"line":13,"column":0},"end":{"line":13,"column":6}},"1":{"start":{"line":15,"column":12},"end":{"line":15,"column":null}},"2":{"start":{"line":16,"column":12},"end":{"line":16,"column":null}},"3":{"start":{"line":17,"column":12},"end":{"line":17,"column":42}},"4":{"start":{"line":21,"column":4},"end":{"line":21,"column":11}},"5":{"start":{"line":25,"column":4},"end":{"line":25,"column":9}},"6":{"start":{"line":26,"column":4},"end":{"line":26,"column":9}},"7":{"start":{"line":13,"column":13},"end":{"line":13,"column":null}}},"fnMap":{"0":{"name":"(anonymous_3)","decl":{"start":{"line":13,"column":0},"end":{"line":13,"column":6}},"loc":{"start":{"line":13,"column":0},"end":{"line":13,"column":6}}},"1":{"name":"(anonymous_4)","decl":{"start":{"line":14,"column":2},"end":{"line":14,"column":null}},"loc":{"start":{"line":17,"column":42},"end":{"line":18,"column":null}}},"2":{"name":"(anonymous_5)","decl":{"start":{"line":20,"column":9},"end":{"line":20,"column":18}},"loc":{"start":{"line":20,"column":18},"end":{"line":22,"column":null}}},"3":{"name":"(anonymous_6)","decl":{"start":{"line":24,"column":9},"end":{"line":24,"column":15}},"loc":{"start":{"line":24,"column":15},"end":{"line":27,"column":null}}}},"branchMap":{"0":{"loc":{"start":{"line":13,"column":13},"end":{"line":13,"column":25}},"type":"binary-expr","locations":[{"start":{"line":13,"column":13},"end":{"line":13,"column":25}},{"start":{"line":13,"column":13},"end":{"line":13,"column":25}}]}},"s":{"0":8,"1":4,"2":4,"3":4,"4":24,"5":0,"6":0,"7":4},"f":{"0":4,"1":4,"2":24,"3":0},"b":{"0":[4,4]}}
,"/Users/joffreyhernandez/Repository/OC/parcours-Angular_Java/P5-Full-Stack-testing/front/src/app/app.module.ts": {"path":"/Users/joffreyhernandez/Repository/OC/parcours-Angular_Java/P5-Full-Stack-testing/front/src/app/app.module.ts","statementMap":{"0":{"start":{"line":18,"column":23},"end":{"line":18,"column":null}},"1":{"start":{"line":45,"column":0},"end":{"line":45,"column":6}},"2":{"start":{"line":45,"column":13},"end":{"line":45,"column":22}}},"fnMap":{"0":{"name":"(anonymous_0)","decl":{"start":{"line":45,"column":0},"end":{"line":45,"column":6}},"loc":{"start":{"line":45,"column":0},"end":{"line":45,"column":6}}}},"branchMap":{"0":{"loc":{"start":{"line":45,"column":13},"end":{"line":45,"column":22}},"type":"binary-expr","locations":[{"start":{"line":45,"column":13},"end":{"line":45,"column":22}},{"start":{"line":45,"column":13},"end":{"line":45,"column":22}}]}},"s":{"0":4,"1":8,"2":4},"f":{"0":4},"b":{"0":[4,4]}}
,"/Users/joffreyhernandez/Repository/OC/parcours-Angular_Java/P5-Full-Stack-testing/front/src/app/components/me/me.component.html": {"path":"/Users/joffreyhernandez/Repository/OC/parcours-Angular_Java/P5-Full-Stack-testing/front/src/app/components/me/me.component.html","statementMap":{"0":{"start":{"line":15,"column":8},"end":{"line":15,"column":12}},"1":{"start":{"line":15,"column":42},"end":{"line":15,"column":55}},"2":{"start":{"line":15,"column":55},"end":{"line":15,"column":null}},"3":{"start":{"line":16,"column":8},"end":{"line":16,"column":14}},"4":{"start":{"line":17,"column":13},"end":{"line":17,"column":31}},"5":{"start":{"line":17,"column":31},"end":{"line":17,"column":null}},"6":{"start":{"line":18,"column":10},"end":{"line":18,"column":49}},"7":{"start":{"line":18,"column":49},"end":{"line":18,"column":58}},"8":{"start":{"line":19,"column":12},"end":{"line":19,"column":22}},"9":{"start":{"line":19,"column":22},"end":{"line":19,"column":28}},"10":{"start":{"line":19,"column":28},"end":{"line":19,"column":null}},"11":{"start":{"line":20,"column":12},"end":{"line":20,"column":30}},"12":{"start":{"line":20,"column":30},"end":{"line":20,"column":36}},"13":{"start":{"line":20,"column":36},"end":{"line":20,"column":null}},"14":{"start":{"line":12,"column":6},"end":{"line":12,"column":12}},"15":{"start":{"line":13,"column":11},"end":{"line":13,"column":69}},"16":{"start":{"line":13,"column":69},"end":{"line":13,"column":null}},"17":{"start":{"line":14,"column":8},"end":{"line":14,"column":11}},"18":{"start":{"line":14,"column":11},"end":{"line":14,"column":34}},"19":{"start":{"line":14,"column":34},"end":{"line":14,"column":null}},"20":{"start":{"line":23,"column":8},"end":{"line":23,"column":66}},"21":{"start":{"line":25,"column":16},"end":{"line":25,"column":27}},"22":{"start":{"line":25,"column":27},"end":{"line":25,"column":32}},"23":{"start":{"line":25,"column":32},"end":{"line":25,"column":70}},"24":{"start":{"line":25,"column":70},"end":{"line":25,"column":null}},"25":{"start":{"line":26,"column":10},"end":{"line":26,"column":13}},"26":{"start":{"line":26,"column":16},"end":{"line":26,"column":29}},"27":{"start":{"line":26,"column":29},"end":{"line":26,"column":34}},"28":{"start":{"line":26,"column":34},"end":{"line":26,"column":71}},"29":{"start":{"line":26,"column":71},"end":{"line":26,"column":null}},"30":{"start":{"line":15,"column":12},"end":{"line":15,"column":42}},"31":{"start":{"line":16,"column":14},"end":{"line":16,"column":93}},"32":{"start":{"line":1,"column":0},"end":{"line":1,"column":16}},"33":{"start":{"line":5,"column":32},"end":{"line":5,"column":41}},"34":{"start":{"line":6,"column":10},"end":{"line":6,"column":20}},"35":{"start":{"line":6,"column":20},"end":{"line":6,"column":30}},"36":{"start":{"line":6,"column":30},"end":{"line":6,"column":null}},"37":{"start":{"line":8,"column":8},"end":{"line":8,"column":12}},"38":{"start":{"line":8,"column":12},"end":{"line":8,"column":28}},"39":{"start":{"line":8,"column":28},"end":{"line":8,"column":null}},"40":{"start":{"line":11,"column":4},"end":{"line":11,"column":null}},"41":{"start":{"line":29,"column":4},"end":{"line":29,"column":null}},"42":{"start":{"line":12,"column":12},"end":{"line":12,"column":71}}},"fnMap":{"0":{"name":"MeComponent_div_10_div_7_Template_button_click_3_listener","decl":{"start":{"line":18,"column":49},"end":{"line":18,"column":58}},"loc":{"start":{"line":18,"column":49},"end":{"line":18,"column":null}}},"1":{"name":"MeComponent_Template_button_click_4_listener","decl":{"start":{"line":5,"column":32},"end":{"line":5,"column":41}},"loc":{"start":{"line":5,"column":32},"end":{"line":5,"column":null}}}},"branchMap":{},"s":{"0":0,"1":0,"2":0,"3":0,"4":0,"5":0,"6":0,"7":0,"8":0,"9":0,"10":0,"11":0,"12":0,"13":0,"14":0,"15":0,"16":0,"17":0,"18":0,"19":0,"20":0,"21":0,"22":0,"23":0,"24":0,"25":0,"26":0,"27":0,"28":0,"29":0,"30":0,"31":0,"32":0,"33":0,"34":0,"35":0,"36":0,"37":0,"38":0,"39":0,"40":0,"41":0,"42":0},"f":{"0":0,"1":0},"b":{}}
,"/Users/joffreyhernandez/Repository/OC/parcours-Angular_Java/P5-Full-Stack-testing/front/src/app/components/me/me.component.ts": {"path":"/Users/joffreyhernandez/Repository/OC/parcours-Angular_Java/P5-Full-Stack-testing/front/src/app/components/me/me.component.ts","statementMap":{"0":{"start":{"line":13,"column":0},"end":{"line":13,"column":6}},"1":{"start":{"line":17,"column":22},"end":{"line":17,"column":null}},"2":{"start":{"line":18,"column":22},"end":{"line":18,"column":null}},"3":{"start":{"line":19,"column":22},"end":{"line":19,"column":null}},"4":{"start":{"line":20,"column":22},"end":{"line":20,"column":46}},"5":{"start":{"line":24,"column":4},"end":{"line":24,"column":9}},"6":{"start":{"line":26,"column":33},"end":{"line":26,"column":null}},"7":{"start":{"line":30,"column":4},"end":{"line":30,"column":10}},"8":{"start":{"line":34,"column":4},"end":{"line":34,"column":9}},"9":{"start":{"line":37,"column":8},"end":{"line":37,"column":13}},"10":{"start":{"line":38,"column":8},"end":{"line":38,"column":13}},"11":{"start":{"line":39,"column":8},"end":{"line":39,"column":13}},"12":{"start":{"line":13,"column":13},"end":{"line":13,"column":null}}},"fnMap":{"0":{"name":"(anonymous_4)","decl":{"start":{"line":13,"column":0},"end":{"line":13,"column":6}},"loc":{"start":{"line":13,"column":0},"end":{"line":13,"column":6}}},"1":{"name":"(anonymous_5)","decl":{"start":{"line":17,"column":2},"end":{"line":17,"column":22}},"loc":{"start":{"line":20,"column":46},"end":{"line":21,"column":null}}},"2":{"name":"(anonymous_6)","decl":{"start":{"line":23,"column":9},"end":{"line":23,"column":17}},"loc":{"start":{"line":23,"column":17},"end":{"line":27,"column":null}}},"3":{"name":"(anonymous_7)","decl":{"start":{"line":26,"column":18},"end":{"line":26,"column":33}},"loc":{"start":{"line":26,"column":33},"end":{"line":26,"column":null}}},"4":{"name":"(anonymous_8)","decl":{"start":{"line":29,"column":9},"end":{"line":29,"column":13}},"loc":{"start":{"line":29,"column":13},"end":{"line":31,"column":null}}},"5":{"name":"(anonymous_9)","decl":{"start":{"line":33,"column":9},"end":{"line":33,"column":15}},"loc":{"start":{"line":33,"column":15},"end":{"line":41,"column":null}}},"6":{"name":"(anonymous_10)","decl":{"start":{"line":36,"column":18},"end":{"line":36,"column":23}},"loc":{"start":{"line":36,"column":23},"end":{"line":40,"column":null}}}},"branchMap":{"0":{"loc":{"start":{"line":13,"column":13},"end":{"line":13,"column":24}},"type":"binary-expr","locations":[{"start":{"line":13,"column":13},"end":{"line":13,"column":24}},{"start":{"line":13,"column":13},"end":{"line":13,"column":24}}]}},"s":{"0":8,"1":0,"2":0,"3":0,"4":0,"5":0,"6":0,"7":0,"8":0,"9":0,"10":0,"11":0,"12":0},"f":{"0":4,"1":0,"2":0,"3":0,"4":0,"5":0,"6":0},"b":{"0":[0,0]}}
,"/Users/joffreyhernandez/Repository/OC/parcours-Angular_Java/P5-Full-Stack-testing/front/src/app/components/not-found/not-found.component.html": {"path":"/Users/joffreyhernandez/Repository/OC/parcours-Angular_Java/P5-Full-Stack-testing/front/src/app/components/not-found/not-found.component.html","statementMap":{"0":{"start":{"line":1,"column":0},"end":{"line":1,"column":37}},"1":{"start":{"line":2,"column":12},"end":{"line":2,"column":28}},"2":{"start":{"line":2,"column":28},"end":{"line":2,"column":null}}},"fnMap":{},"branchMap":{},"s":{"0":0,"1":0,"2":0},"f":{},"b":{}}
,"/Users/joffreyhernandez/Repository/OC/parcours-Angular_Java/P5-Full-Stack-testing/front/src/app/components/not-found/not-found.component.ts": {"path":"/Users/joffreyhernandez/Repository/OC/parcours-Angular_Java/P5-Full-Stack-testing/front/src/app/components/not-found/not-found.component.ts","statementMap":{"0":{"start":{"line":8,"column":0},"end":{"line":8,"column":6}},"1":{"start":{"line":8,"column":13},"end":{"line":8,"column":30}}},"fnMap":{"0":{"name":"(anonymous_0)","decl":{"start":{"line":8,"column":0},"end":{"line":8,"column":6}},"loc":{"start":{"line":8,"column":0},"end":{"line":8,"column":6}}}},"branchMap":{"0":{"loc":{"start":{"line":8,"column":13},"end":{"line":8,"column":30}},"type":"binary-expr","locations":[{"start":{"line":8,"column":13},"end":{"line":8,"column":30}},{"start":{"line":8,"column":13},"end":{"line":8,"column":30}}]}},"s":{"0":8,"1":0},"f":{"0":4},"b":{"0":[0,0]}}
,"/Users/joffreyhernandez/Repository/OC/parcours-Angular_Java/P5-Full-Stack-testing/front/src/app/features/auth/auth-routing.module.ts": {"path":"/Users/joffreyhernandez/Repository/OC/parcours-Angular_Java/P5-Full-Stack-testing/front/src/app/features/auth/auth-routing.module.ts","statementMap":{"0":{"start":{"line":7,"column":23},"end":{"line":7,"column":null}},"1":{"start":{"line":16,"column":0},"end":{"line":16,"column":6}},"2":{"start":{"line":16,"column":13},"end":{"line":16,"column":30}}},"fnMap":{"0":{"name":"(anonymous_0)","decl":{"start":{"line":16,"column":0},"end":{"line":16,"column":6}},"loc":{"start":{"line":16,"column":0},"end":{"line":16,"column":6}}}},"branchMap":{"0":{"loc":{"start":{"line":16,"column":13},"end":{"line":16,"column":30}},"type":"binary-expr","locations":[{"start":{"line":16,"column":13},"end":{"line":16,"column":30}},{"start":{"line":16,"column":13},"end":{"line":16,"column":30}}]}},"s":{"0":4,"1":8,"2":4},"f":{"0":4},"b":{"0":[4,4]}}
,"/Users/joffreyhernandez/Repository/OC/parcours-Angular_Java/P5-Full-Stack-testing/front/src/app/features/auth/auth.module.ts": {"path":"/Users/joffreyhernandez/Repository/OC/parcours-Angular_Java/P5-Full-Stack-testing/front/src/app/features/auth/auth.module.ts","statementMap":{"0":{"start":{"line":14,"column":24},"end":{"line":14,"column":null}},"1":{"start":{"line":36,"column":0},"end":{"line":36,"column":6}},"2":{"start":{"line":36,"column":13},"end":{"line":36,"column":23}}},"fnMap":{"0":{"name":"(anonymous_0)","decl":{"start":{"line":36,"column":0},"end":{"line":36,"column":6}},"loc":{"start":{"line":36,"column":0},"end":{"line":36,"column":6}}}},"branchMap":{"0":{"loc":{"start":{"line":36,"column":13},"end":{"line":36,"column":23}},"type":"binary-expr","locations":[{"start":{"line":36,"column":13},"end":{"line":36,"column":23}},{"start":{"line":36,"column":13},"end":{"line":36,"column":23}}]}},"s":{"0":4,"1":8,"2":4},"f":{"0":4},"b":{"0":[4,4]}}
,"/Users/joffreyhernandez/Repository/OC/parcours-Angular_Java/P5-Full-Stack-testing/front/src/app/features/auth/components/login/login.component.html": {"path":"/Users/joffreyhernandez/Repository/OC/parcours-Angular_Java/P5-Full-Stack-testing/front/src/app/features/auth/components/login/login.component.html","statementMap":{"0":{"start":{"line":21,"column":12},"end":{"line":21,"column":16}},"1":{"start":{"line":21,"column":45},"end":{"line":21,"column":62}},"2":{"start":{"line":21,"column":62},"end":{"line":21,"column":null}},"3":{"start":{"line":1,"column":0},"end":{"line":1,"column":64}},"4":{"start":{"line":4,"column":28},"end":{"line":4,"column":33}},"5":{"start":{"line":4,"column":33},"end":{"line":4,"column":null}},"6":{"start":{"line":6,"column":8},"end":{"line":6,"column":33}},"7":{"start":{"line":6,"column":52},"end":{"line":6,"column":64}},"8":{"start":{"line":7,"column":12},"end":{"line":7,"column":48}},"9":{"start":{"line":9,"column":20},"end":{"line":9,"column":null}},"10":{"start":{"line":10,"column":16},"end":{"line":10,"column":null}},"11":{"start":{"line":11,"column":16},"end":{"line":11,"column":null}},"12":{"start":{"line":12,"column":20},"end":{"line":12,"column":36}},"13":{"start":{"line":14,"column":20},"end":{"line":14,"column":54}},"14":{"start":{"line":14,"column":54},"end":{"line":14,"column":77}},"15":{"start":{"line":16,"column":24},"end":{"line":16,"column":34}},"16":{"start":{"line":16,"column":34},"end":{"line":16,"column":76}},"17":{"start":{"line":16,"column":76},"end":{"line":16,"column":null}},"18":{"start":{"line":20,"column":12},"end":{"line":20,"column":68}},"19":{"start":{"line":20,"column":94},"end":{"line":20,"column":100}},"20":{"start":{"line":20,"column":100},"end":{"line":20,"column":null}},"21":{"start":{"line":22,"column":8},"end":{"line":22,"column":null}},"22":{"start":{"line":6,"column":33},"end":{"line":6,"column":52}},"23":{"start":{"line":12,"column":36},"end":{"line":12,"column":null}},"24":{"start":{"line":14,"column":77},"end":{"line":14,"column":112}},"25":{"start":{"line":20,"column":68},"end":{"line":20,"column":94}},"26":{"start":{"line":21,"column":16},"end":{"line":21,"column":45}}},"fnMap":{"0":{"name":"LoginComponent_Template_form_ngSubmit_5_listener","decl":{"start":{"line":6,"column":52},"end":{"line":6,"column":64}},"loc":{"start":{"line":6,"column":52},"end":{"line":6,"column":null}}},"1":{"name":"LoginComponent_Template_button_click_11_listener","decl":{"start":{"line":14,"column":54},"end":{"line":14,"column":77}},"loc":{"start":{"line":14,"column":54},"end":{"line":14,"column":77}}}},"branchMap":{"0":{"loc":{"start":{"line":12,"column":36},"end":{"line":12,"column":null}},"type":"cond-expr","locations":[{"start":{"line":12,"column":36},"end":{"line":12,"column":null}},{"start":{"line":12,"column":36},"end":{"line":12,"column":null}}]},"1":{"loc":{"start":{"line":16,"column":34},"end":{"line":16,"column":76}},"type":"cond-expr","locations":[{"start":{"line":16,"column":34},"end":{"line":16,"column":76}},{"start":{"line":16,"column":34},"end":{"line":16,"column":76}}]}},"s":{"0":0,"1":0,"2":0,"3":0,"4":0,"5":0,"6":0,"7":0,"8":0,"9":0,"10":0,"11":0,"12":0,"13":0,"14":0,"15":0,"16":0,"17":0,"18":0,"19":0,"20":0,"21":0,"22":0,"23":0,"24":0,"25":0,"26":0},"f":{"0":0,"1":0},"b":{"0":[0,0],"1":[0,0]}}
,"/Users/joffreyhernandez/Repository/OC/parcours-Angular_Java/P5-Full-Stack-testing/front/src/app/features/auth/components/login/login.component.ts": {"path":"/Users/joffreyhernandez/Repository/OC/parcours-Angular_Java/P5-Full-Stack-testing/front/src/app/features/auth/components/login/login.component.ts","statementMap":{"0":{"start":{"line":14,"column":0},"end":{"line":14,"column":6}},"1":{"start":{"line":36,"column":22},"end":{"line":36,"column":null}},"2":{"start":{"line":37,"column":22},"end":{"line":37,"column":null}},"3":{"start":{"line":38,"column":22},"end":{"line":38,"column":null}},"4":{"start":{"line":39,"column":22},"end":{"line":39,"column":52}},"5":{"start":{"line":15,"column":9},"end":{"line":15,"column":16}},"6":{"start":{"line":16,"column":9},"end":{"line":16,"column":19}},"7":{"start":{"line":18,"column":9},"end":{"line":18,"column":16}},"8":{"start":{"line":43,"column":25},"end":{"line":43,"column":null}},"9":{"start":{"line":44,"column":4},"end":{"line":44,"column":9}},"10":{"start":{"line":46,"column":8},"end":{"line":46,"column":13}},"11":{"start":{"line":47,"column":8},"end":{"line":47,"column":13}},"12":{"start":{"line":49,"column":22},"end":{"line":49,"column":null}},"13":{"start":{"line":14,"column":13},"end":{"line":14,"column":null}}},"fnMap":{"0":{"name":"(anonymous_1)","decl":{"start":{"line":14,"column":0},"end":{"line":14,"column":6}},"loc":{"start":{"line":14,"column":0},"end":{"line":14,"column":6}}},"1":{"name":"(anonymous_2)","decl":{"start":{"line":36,"column":2},"end":{"line":36,"column":22}},"loc":{"start":{"line":39,"column":52},"end":{"line":40,"column":null}}},"2":{"name":"(anonymous_3)","decl":{"start":{"line":42,"column":9},"end":{"line":42,"column":15}},"loc":{"start":{"line":42,"column":15},"end":{"line":51,"column":null}}},"3":{"name":"(anonymous_4)","decl":{"start":{"line":45,"column":13},"end":{"line":45,"column":45}},"loc":{"start":{"line":45,"column":45},"end":{"line":48,"column":null}}},"4":{"name":"(anonymous_5)","decl":{"start":{"line":49,"column":13},"end":{"line":49,"column":18}},"loc":{"start":{"line":49,"column":22},"end":{"line":49,"column":null}}}},"branchMap":{"0":{"loc":{"start":{"line":14,"column":13},"end":{"line":14,"column":27}},"type":"binary-expr","locations":[{"start":{"line":14,"column":13},"end":{"line":14,"column":27}},{"start":{"line":14,"column":13},"end":{"line":14,"column":27}}]}},"s":{"0":8,"1":0,"2":0,"3":0,"4":0,"5":0,"6":0,"7":0,"8":0,"9":0,"10":0,"11":0,"12":0,"13":0},"f":{"0":4,"1":0,"2":0,"3":0,"4":0},"b":{"0":[0,0]}}
,"/Users/joffreyhernandez/Repository/OC/parcours-Angular_Java/P5-Full-Stack-testing/front/src/app/features/auth/components/register/register.component.html": {"path":"/Users/joffreyhernandez/Repository/OC/parcours-Angular_Java/P5-Full-Stack-testing/front/src/app/features/auth/components/register/register.component.html","statementMap":{"0":{"start":{"line":22,"column":12},"end":{"line":22,"column":19}},"1":{"start":{"line":22,"column":48},"end":{"line":22,"column":65}},"2":{"start":{"line":22,"column":65},"end":{"line":22,"column":null}},"3":{"start":{"line":1,"column":0},"end":{"line":1,"column":67}},"4":{"start":{"line":4,"column":28},"end":{"line":4,"column":36}},"5":{"start":{"line":4,"column":36},"end":{"line":4,"column":null}},"6":{"start":{"line":6,"column":8},"end":{"line":6,"column":36}},"7":{"start":{"line":6,"column":55},"end":{"line":6,"column":67}},"8":{"start":{"line":7,"column":12},"end":{"line":7,"column":48}},"9":{"start":{"line":9,"column":20},"end":{"line":9,"column":null}},"10":{"start":{"line":10,"column":16},"end":{"line":10,"column":null}},"11":{"start":{"line":11,"column":16},"end":{"line":11,"column":null}},"12":{"start":{"line":12,"column":20},"end":{"line":12,"column":null}},"13":{"start":{"line":13,"column":16},"end":{"line":13,"column":null}},"14":{"start":{"line":14,"column":16},"end":{"line":14,"column":null}},"15":{"start":{"line":15,"column":20},"end":{"line":15,"column":null}},"16":{"start":{"line":16,"column":16},"end":{"line":16,"column":null}},"17":{"start":{"line":17,"column":16},"end":{"line":17,"column":null}},"18":{"start":{"line":18,"column":20},"end":{"line":18,"column":null}},"19":{"start":{"line":19,"column":16},"end":{"line":19,"column":null}},"20":{"start":{"line":21,"column":12},"end":{"line":21,"column":68}},"21":{"start":{"line":21,"column":94},"end":{"line":21,"column":100}},"22":{"start":{"line":21,"column":100},"end":{"line":21,"column":null}},"23":{"start":{"line":23,"column":8},"end":{"line":23,"column":null}},"24":{"start":{"line":6,"column":36},"end":{"line":6,"column":55}},"25":{"start":{"line":21,"column":68},"end":{"line":21,"column":94}},"26":{"start":{"line":22,"column":19},"end":{"line":22,"column":48}}},"fnMap":{"0":{"name":"RegisterComponent_Template_form_ngSubmit_5_listener","decl":{"start":{"line":6,"column":55},"end":{"line":6,"column":67}},"loc":{"start":{"line":6,"column":55},"end":{"line":6,"column":null}}}},"branchMap":{},"s":{"0":0,"1":0,"2":0,"3":0,"4":0,"5":0,"6":0,"7":0,"8":0,"9":0,"10":0,"11":0,"12":0,"13":0,"14":0,"15":0,"16":0,"17":0,"18":0,"19":0,"20":0,"21":0,"22":0,"23":0,"24":0,"25":0,"26":0},"f":{"0":0},"b":{}}
,"/Users/joffreyhernandez/Repository/OC/parcours-Angular_Java/P5-Full-Stack-testing/front/src/app/features/auth/components/register/register.component.ts": {"path":"/Users/joffreyhernandez/Repository/OC/parcours-Angular_Java/P5-Full-Stack-testing/front/src/app/features/auth/components/register/register.component.ts","statementMap":{"0":{"start":{"line":15,"column":0},"end":{"line":15,"column":6}},"1":{"start":{"line":26,"column":22},"end":{"line":26,"column":null}},"2":{"start":{"line":27,"column":12},"end":{"line":27,"column":null}},"3":{"start":{"line":28,"column":12},"end":{"line":28,"column":26}},"4":{"start":{"line":17,"column":9},"end":{"line":17,"column":19}},"5":{"start":{"line":19,"column":9},"end":{"line":19,"column":16}},"6":{"start":{"line":31,"column":28},"end":{"line":31,"column":null}},"7":{"start":{"line":32,"column":4},"end":{"line":32,"column":9}},"8":{"start":{"line":33,"column":34},"end":{"line":33,"column":39}},"9":{"start":{"line":34,"column":20},"end":{"line":34,"column":null}},"10":{"start":{"line":15,"column":13},"end":{"line":15,"column":null}}},"fnMap":{"0":{"name":"(anonymous_1)","decl":{"start":{"line":15,"column":0},"end":{"line":15,"column":6}},"loc":{"start":{"line":15,"column":0},"end":{"line":15,"column":6}}},"1":{"name":"(anonymous_2)","decl":{"start":{"line":26,"column":2},"end":{"line":26,"column":22}},"loc":{"start":{"line":28,"column":26},"end":{"line":28,"column":null}}},"2":{"name":"(anonymous_3)","decl":{"start":{"line":30,"column":9},"end":{"line":30,"column":15}},"loc":{"start":{"line":30,"column":15},"end":{"line":37,"column":null}}},"3":{"name":"(anonymous_4)","decl":{"start":{"line":33,"column":15},"end":{"line":33,"column":34}},"loc":{"start":{"line":33,"column":34},"end":{"line":33,"column":39}}},"4":{"name":"(anonymous_5)","decl":{"start":{"line":34,"column":15},"end":{"line":34,"column":16}},"loc":{"start":{"line":34,"column":20},"end":{"line":34,"column":null}}}},"branchMap":{"0":{"loc":{"start":{"line":15,"column":13},"end":{"line":15,"column":30}},"type":"binary-expr","locations":[{"start":{"line":15,"column":13},"end":{"line":15,"column":30}},{"start":{"line":15,"column":13},"end":{"line":15,"column":30}}]}},"s":{"0":8,"1":0,"2":0,"3":0,"4":0,"5":0,"6":0,"7":0,"8":0,"9":0,"10":0},"f":{"0":4,"1":0,"2":0,"3":0,"4":0},"b":{"0":[0,0]}}
,"/Users/joffreyhernandez/Repository/OC/parcours-Angular_Java/P5-Full-Stack-testing/front/src/app/features/auth/services/auth.service.ts": {"path":"/Users/joffreyhernandez/Repository/OC/parcours-Angular_Java/P5-Full-Stack-testing/front/src/app/features/auth/services/auth.service.ts","statementMap":{"0":{"start":{"line":12,"column":0},"end":{"line":12,"column":6}},"1":{"start":{"line":16,"column":22},"end":{"line":16,"column":44}},"2":{"start":{"line":14,"column":10},"end":{"line":14,"column":24}},"3":{"start":{"line":19,"column":4},"end":{"line":19,"column":11}},"4":{"start":{"line":23,"column":4},"end":{"line":23,"column":11}},"5":{"start":{"line":12,"column":13},"end":{"line":12,"column":null}}},"fnMap":{"0":{"name":"(anonymous_0)","decl":{"start":{"line":12,"column":0},"end":{"line":12,"column":6}},"loc":{"start":{"line":12,"column":0},"end":{"line":12,"column":6}}},"1":{"name":"(anonymous_1)","decl":{"start":{"line":16,"column":2},"end":{"line":16,"column":22}},"loc":{"start":{"line":16,"column":44},"end":{"line":16,"column":null}}},"2":{"name":"(anonymous_2)","decl":{"start":{"line":18,"column":9},"end":{"line":18,"column":17}},"loc":{"start":{"line":18,"column":50},"end":{"line":20,"column":null}}},"3":{"name":"(anonymous_3)","decl":{"start":{"line":22,"column":9},"end":{"line":22,"column":14}},"loc":{"start":{"line":22,"column":41},"end":{"line":24,"column":null}}}},"branchMap":{"0":{"loc":{"start":{"line":12,"column":13},"end":{"line":12,"column":24}},"type":"binary-expr","locations":[{"start":{"line":12,"column":13},"end":{"line":12,"column":24}},{"start":{"line":12,"column":13},"end":{"line":12,"column":24}}]}},"s":{"0":8,"1":4,"2":4,"3":0,"4":0,"5":4},"f":{"0":4,"1":4,"2":0,"3":0},"b":{"0":[4,4]}}
,"/Users/joffreyhernandez/Repository/OC/parcours-Angular_Java/P5-Full-Stack-testing/front/src/app/guards/auth.guard.ts": {"path":"/Users/joffreyhernandez/Repository/OC/parcours-Angular_Java/P5-Full-Stack-testing/front/src/app/guards/auth.guard.ts","statementMap":{"0":{"start":{"line":6,"column":0},"end":{"line":6,"column":6}},"1":{"start":{"line":9,"column":12},"end":{"line":9,"column":null}},"2":{"start":{"line":10,"column":12},"end":{"line":10,"column":42}},"3":{"start":{"line":15,"column":4},"end":{"line":18,"column":null}},"4":{"start":{"line":16,"column":6},"end":{"line":16,"column":11}},"5":{"start":{"line":17,"column":6},"end":{"line":17,"column":13}},"6":{"start":{"line":19,"column":4},"end":{"line":19,"column":11}},"7":{"start":{"line":6,"column":13},"end":{"line":6,"column":null}}},"fnMap":{"0":{"name":"(anonymous_0)","decl":{"start":{"line":6,"column":0},"end":{"line":6,"column":6}},"loc":{"start":{"line":6,"column":0},"end":{"line":6,"column":6}}},"1":{"name":"(anonymous_1)","decl":{"start":{"line":8,"column":2},"end":{"line":8,"column":null}},"loc":{"start":{"line":10,"column":42},"end":{"line":12,"column":null}}},"2":{"name":"(anonymous_2)","decl":{"start":{"line":14,"column":9},"end":{"line":14,"column":20}},"loc":{"start":{"line":14,"column":20},"end":{"line":20,"column":null}}}},"branchMap":{"0":{"loc":{"start":{"line":15,"column":4},"end":{"line":18,"column":null}},"type":"if","locations":[{"start":{"line":15,"column":4},"end":{"line":18,"column":null}},{"start":{"line":15,"column":4},"end":{"line":18,"column":null}}]},"1":{"loc":{"start":{"line":6,"column":13},"end":{"line":6,"column":22}},"type":"binary-expr","locations":[{"start":{"line":6,"column":13},"end":{"line":6,"column":22}},{"start":{"line":6,"column":13},"end":{"line":6,"column":22}}]}},"s":{"0":8,"1":0,"2":0,"3":0,"4":0,"5":0,"6":0,"7":0},"f":{"0":4,"1":0,"2":0},"b":{"0":[0,0],"1":[0,0]}}
,"/Users/joffreyhernandez/Repository/OC/parcours-Angular_Java/P5-Full-Stack-testing/front/src/app/guards/unauth.guard.ts": {"path":"/Users/joffreyhernandez/Repository/OC/parcours-Angular_Java/P5-Full-Stack-testing/front/src/app/guards/unauth.guard.ts","statementMap":{"0":{"start":{"line":6,"column":0},"end":{"line":6,"column":6}},"1":{"start":{"line":9,"column":12},"end":{"line":9,"column":null}},"2":{"start":{"line":10,"column":12},"end":{"line":10,"column":42}},"3":{"start":{"line":15,"column":4},"end":{"line":18,"column":null}},"4":{"start":{"line":16,"column":6},"end":{"line":16,"column":11}},"5":{"start":{"line":17,"column":6},"end":{"line":17,"column":13}},"6":{"start":{"line":19,"column":4},"end":{"line":19,"column":11}},"7":{"start":{"line":6,"column":13},"end":{"line":6,"column":null}}},"fnMap":{"0":{"name":"(anonymous_0)","decl":{"start":{"line":6,"column":0},"end":{"line":6,"column":6}},"loc":{"start":{"line":6,"column":0},"end":{"line":6,"column":6}}},"1":{"name":"(anonymous_1)","decl":{"start":{"line":8,"column":2},"end":{"line":8,"column":null}},"loc":{"start":{"line":10,"column":42},"end":{"line":12,"column":null}}},"2":{"name":"(anonymous_2)","decl":{"start":{"line":14,"column":9},"end":{"line":14,"column":20}},"loc":{"start":{"line":14,"column":20},"end":{"line":20,"column":null}}}},"branchMap":{"0":{"loc":{"start":{"line":15,"column":4},"end":{"line":18,"column":null}},"type":"if","locations":[{"start":{"line":15,"column":4},"end":{"line":18,"column":null}},{"start":{"line":15,"column":4},"end":{"line":18,"column":null}}]},"1":{"loc":{"start":{"line":6,"column":13},"end":{"line":6,"column":24}},"type":"binary-expr","locations":[{"start":{"line":6,"column":13},"end":{"line":6,"column":24}},{"start":{"line":6,"column":13},"end":{"line":6,"column":24}}]}},"s":{"0":8,"1":4,"2":4,"3":4,"4":0,"5":0,"6":4,"7":4},"f":{"0":4,"1":4,"2":4},"b":{"0":[0,4],"1":[4,4]}}
,"/Users/joffreyhernandez/Repository/OC/parcours-Angular_Java/P5-Full-Stack-testing/front/src/app/interceptors/jwt.interceptor.ts": {"path":"/Users/joffreyhernandez/Repository/OC/parcours-Angular_Java/P5-Full-Stack-testing/front/src/app/interceptors/jwt.interceptor.ts","statementMap":{"0":{"start":{"line":6,"column":0},"end":{"line":6,"column":6}},"1":{"start":{"line":7,"column":22},"end":{"line":7,"column":52}},"2":{"start":{"line":10,"column":4},"end":{"line":16,"column":null}},"3":{"start":{"line":11,"column":6},"end":{"line":11,"column":13}},"4":{"start":{"line":17,"column":4},"end":{"line":17,"column":11}},"5":{"start":{"line":6,"column":13},"end":{"line":6,"column":null}}},"fnMap":{"0":{"name":"(anonymous_0)","decl":{"start":{"line":6,"column":0},"end":{"line":6,"column":6}},"loc":{"start":{"line":6,"column":0},"end":{"line":6,"column":6}}},"1":{"name":"(anonymous_1)","decl":{"start":{"line":7,"column":2},"end":{"line":7,"column":22}},"loc":{"start":{"line":7,"column":52},"end":{"line":7,"column":null}}},"2":{"name":"(anonymous_2)","decl":{"start":{"line":9,"column":9},"end":{"line":9,"column":18}},"loc":{"start":{"line":9,"column":63},"end":{"line":18,"column":null}}}},"branchMap":{"0":{"loc":{"start":{"line":10,"column":4},"end":{"line":16,"column":null}},"type":"if","locations":[{"start":{"line":10,"column":4},"end":{"line":16,"column":null}},{"start":{"line":10,"column":4},"end":{"line":16,"column":null}}]},"1":{"loc":{"start":{"line":6,"column":13},"end":{"line":6,"column":27}},"type":"binary-expr","locations":[{"start":{"line":6,"column":13},"end":{"line":6,"column":27}},{"start":{"line":6,"column":13},"end":{"line":6,"column":27}}]}},"s":{"0":8,"1":0,"2":0,"3":0,"4":0,"5":0},"f":{"0":4,"1":0,"2":0},"b":{"0":[0,0],"1":[0,0]}}
,"/Users/joffreyhernandez/Repository/OC/parcours-Angular_Java/P5-Full-Stack-testing/front/src/app/services/session.service.ts": {"path":"/Users/joffreyhernandez/Repository/OC/parcours-Angular_Java/P5-Full-Stack-testing/front/src/app/services/session.service.ts","statementMap":{"0":{"start":{"line":8,"column":0},"end":{"line":8,"column":6}},"1":{"start":{"line":10,"column":9},"end":{"line":10,"column":20}},"2":{"start":{"line":13,"column":10},"end":{"line":13,"column":28}},"3":{"start":{"line":16,"column":4},"end":{"line":16,"column":11}},"4":{"start":{"line":20,"column":4},"end":{"line":20,"column":9}},"5":{"start":{"line":21,"column":4},"end":{"line":21,"column":9}},"6":{"start":{"line":22,"column":4},"end":{"line":22,"column":9}},"7":{"start":{"line":26,"column":4},"end":{"line":26,"column":9}},"8":{"start":{"line":27,"column":4},"end":{"line":27,"column":9}},"9":{"start":{"line":28,"column":4},"end":{"line":28,"column":9}},"10":{"start":{"line":32,"column":4},"end":{"line":32,"column":9}},"11":{"start":{"line":8,"column":13},"end":{"line":8,"column":27}}},"fnMap":{"0":{"name":"(anonymous_0)","decl":{"start":{"line":8,"column":0},"end":{"line":8,"column":6}},"loc":{"start":{"line":8,"column":0},"end":{"line":8,"column":6}}},"1":{"name":"(anonymous_1)","decl":{"start":{"line":5,"column":0},"end":{"line":5,"column":null}},"loc":{"start":{"line":5,"column":0},"end":{"line":34,"column":null}}},"2":{"name":"(anonymous_2)","decl":{"start":{"line":15,"column":9},"end":{"line":15,"column":18}},"loc":{"start":{"line":15,"column":18},"end":{"line":17,"column":null}}},"3":{"name":"(anonymous_3)","decl":{"start":{"line":19,"column":9},"end":{"line":19,"column":14}},"loc":{"start":{"line":19,"column":39},"end":{"line":23,"column":null}}},"4":{"name":"(anonymous_4)","decl":{"start":{"line":25,"column":9},"end":{"line":25,"column":15}},"loc":{"start":{"line":25,"column":15},"end":{"line":29,"column":null}}},"5":{"name":"(anonymous_5)","decl":{"start":{"line":31,"column":10},"end":{"line":31,"column":14}},"loc":{"start":{"line":31,"column":14},"end":{"line":33,"column":null}}}},"branchMap":{"0":{"loc":{"start":{"line":8,"column":13},"end":{"line":8,"column":27}},"type":"binary-expr","locations":[{"start":{"line":8,"column":13},"end":{"line":8,"column":27}},{"start":{"line":8,"column":13},"end":{"line":8,"column":27}}]}},"s":{"0":8,"1":4,"2":4,"3":24,"4":0,"5":0,"6":0,"7":0,"8":0,"9":0,"10":0,"11":4},"f":{"0":4,"1":4,"2":24,"3":0,"4":0,"5":0},"b":{"0":[4,4]}}
,"/Users/joffreyhernandez/Repository/OC/parcours-Angular_Java/P5-Full-Stack-testing/front/src/app/services/user.service.ts": {"path":"/Users/joffreyhernandez/Repository/OC/parcours-Angular_Java/P5-Full-Stack-testing/front/src/app/services/user.service.ts","statementMap":{"0":{"start":{"line":9,"column":0},"end":{"line":9,"column":6}},"1":{"start":{"line":13,"column":22},"end":{"line":13,"column":44}},"2":{"start":{"line":11,"column":10},"end":{"line":11,"column":24}},"3":{"start":{"line":16,"column":4},"end":{"line":16,"column":11}},"4":{"start":{"line":20,"column":4},"end":{"line":20,"column":11}},"5":{"start":{"line":9,"column":13},"end":{"line":9,"column":null}}},"fnMap":{"0":{"name":"(anonymous_0)","decl":{"start":{"line":9,"column":0},"end":{"line":9,"column":6}},"loc":{"start":{"line":9,"column":0},"end":{"line":9,"column":6}}},"1":{"name":"(anonymous_1)","decl":{"start":{"line":13,"column":2},"end":{"line":13,"column":22}},"loc":{"start":{"line":13,"column":44},"end":{"line":13,"column":null}}},"2":{"name":"(anonymous_2)","decl":{"start":{"line":15,"column":9},"end":{"line":15,"column":16}},"loc":{"start":{"line":15,"column":27},"end":{"line":17,"column":null}}},"3":{"name":"(anonymous_3)","decl":{"start":{"line":19,"column":9},"end":{"line":19,"column":15}},"loc":{"start":{"line":19,"column":26},"end":{"line":21,"column":null}}}},"branchMap":{"0":{"loc":{"start":{"line":9,"column":13},"end":{"line":9,"column":24}},"type":"binary-expr","locations":[{"start":{"line":9,"column":13},"end":{"line":9,"column":24}},{"start":{"line":9,"column":13},"end":{"line":9,"column":24}}]}},"s":{"0":8,"1":0,"2":0,"3":0,"4":0,"5":0},"f":{"0":4,"1":0,"2":0,"3":0},"b":{"0":[0,0]}}
,"/Users/joffreyhernandez/Repository/OC/parcours-Angular_Java/P5-Full-Stack-testing/front/src/environments/environment.ts": {"path":"/Users/joffreyhernandez/Repository/OC/parcours-Angular_Java/P5-Full-Stack-testing/front/src/environments/environment.ts","statementMap":{"0":{"start":{"line":1,"column":27},"end":{"line":1,"column":null}}},"fnMap":{},"branchMap":{},"s":{"0":4},"f":{},"b":{}}
,"/home/runner/work/OC5-testing-an-application/OC5-testing-an-application/front/src/app/app-routing.module.ts": {"path":"/home/runner/work/OC5-testing-an-application/OC5-testing-an-application/front/src/app/app-routing.module.ts","statementMap":{"0":{"start":{"line":8,"column":23},"end":{"line":8,"column":null}},"1":{"start":{"line":12,"column":24},"end":{"line":12,"column":31}},"2":{"start":{"line":12,"column":72},"end":{"line":12,"column":null}},"3":{"start":{"line":17,"column":24},"end":{"line":17,"column":31}},"4":{"start":{"line":17,"column":80},"end":{"line":17,"column":null}},"5":{"start":{"line":32,"column":0},"end":{"line":32,"column":6}},"6":{"start":{"line":32,"column":13},"end":{"line":32,"column":29}}},"fnMap":{"0":{"name":"(anonymous_0)","decl":{"start":{"line":12,"column":18},"end":{"line":12,"column":24}},"loc":{"start":{"line":12,"column":24},"end":{"line":12,"column":31}}},"1":{"name":"(anonymous_1)","decl":{"start":{"line":12,"column":67},"end":{"line":12,"column":68}},"loc":{"start":{"line":12,"column":72},"end":{"line":12,"column":null}}},"2":{"name":"(anonymous_2)","decl":{"start":{"line":17,"column":18},"end":{"line":17,"column":24}},"loc":{"start":{"line":17,"column":24},"end":{"line":17,"column":31}}},"3":{"name":"(anonymous_3)","decl":{"start":{"line":17,"column":75},"end":{"line":17,"column":76}},"loc":{"start":{"line":17,"column":80},"end":{"line":17,"column":null}}},"4":{"name":"(anonymous_4)","decl":{"start":{"line":32,"column":0},"end":{"line":32,"column":6}},"loc":{"start":{"line":32,"column":0},"end":{"line":32,"column":6}}}},"branchMap":{"0":{"loc":{"start":{"line":32,"column":13},"end":{"line":32,"column":29}},"type":"binary-expr","locations":[{"start":{"line":32,"column":13},"end":{"line":32,"column":29}},{"start":{"line":32,"column":13},"end":{"line":32,"column":29}}]}},"s":{"0":24,"1":24,"2":24,"3":15,"4":15,"5":48,"6":24},"f":{"0":24,"1":24,"2":15,"3":15,"4":24},"b":{"0":[24,24]}}
,"/home/runner/work/OC5-testing-an-application/OC5-testing-an-application/front/src/app/app.component.html": {"path":"/home/runner/work/OC5-testing-an-application/OC5-testing-an-application/front/src/app/app.component.html","statementMap":{"0":{"start":{"line":4,"column":4},"end":{"line":4,"column":10}},"1":{"start":{"line":5,"column":74},"end":{"line":5,"column":82}},"2":{"start":{"line":5,"column":82},"end":{"line":5,"column":null}},"3":{"start":{"line":6,"column":6},"end":{"line":6,"column":67}},"4":{"start":{"line":6,"column":67},"end":{"line":6,"column":74}},"5":{"start":{"line":6,"column":74},"end":{"line":6,"column":null}},"6":{"start":{"line":7,"column":6},"end":{"line":7,"column":12}},"7":{"start":{"line":7,"column":12},"end":{"line":7,"column":21}},"8":{"start":{"line":7,"column":44},"end":{"line":7,"column":50}},"9":{"start":{"line":7,"column":50},"end":{"line":7,"column":null}},"10":{"start":{"line":10,"column":6},"end":{"line":10,"column":11}},"11":{"start":{"line":11,"column":46},"end":{"line":11,"column":51}},"12":{"start":{"line":11,"column":51},"end":{"line":11,"column":null}},"13":{"start":{"line":12,"column":8},"end":{"line":12,"column":49}},"14":{"start":{"line":12,"column":49},"end":{"line":12,"column":57}},"15":{"start":{"line":12,"column":57},"end":{"line":12,"column":null}},"16":{"start":{"line":1,"column":0},"end":{"line":1,"column":17}},"17":{"start":{"line":3,"column":10},"end":{"line":3,"column":18}},"18":{"start":{"line":3,"column":18},"end":{"line":3,"column":null}},"19":{"start":{"line":9,"column":4},"end":{"line":9,"column":null}},"20":{"start":{"line":15,"column":2},"end":{"line":15,"column":null}},"21":{"start":{"line":16,"column":2},"end":{"line":16,"column":null}},"22":{"start":{"line":17,"column":4},"end":{"line":17,"column":null}},"23":{"start":{"line":18,"column":2},"end":{"line":18,"column":null}},"24":{"start":{"line":4,"column":10},"end":{"line":4,"column":37}}},"fnMap":{"0":{"name":"AppComponent_div_4_Template_span_click_5_listener","decl":{"start":{"line":7,"column":12},"end":{"line":7,"column":21}},"loc":{"start":{"line":7,"column":12},"end":{"line":7,"column":44}}}},"branchMap":{},"s":{"0":38,"1":14,"2":14,"3":14,"4":14,"5":14,"6":14,"7":14,"8":14,"9":14,"10":25,"11":25,"12":25,"13":25,"14":25,"15":25,"16":24,"17":24,"18":24,"19":24,"20":24,"21":24,"22":24,"23":24,"24":2180},"f":{"0":0},"b":{}}
,"/home/runner/work/OC5-testing-an-application/OC5-testing-an-application/front/src/app/app.component.ts": {"path":"/home/runner/work/OC5-testing-an-application/OC5-testing-an-application/front/src/app/app.component.ts","statementMap":{"0":{"start":{"line":13,"column":0},"end":{"line":13,"column":6}},"1":{"start":{"line":15,"column":12},"end":{"line":15,"column":null}},"2":{"start":{"line":16,"column":12},"end":{"line":16,"column":null}},"3":{"start":{"line":17,"column":12},"end":{"line":17,"column":42}},"4":{"start":{"line":21,"column":4},"end":{"line":21,"column":11}},"5":{"start":{"line":25,"column":4},"end":{"line":25,"column":9}},"6":{"start":{"line":26,"column":4},"end":{"line":26,"column":9}},"7":{"start":{"line":13,"column":13},"end":{"line":13,"column":null}}},"fnMap":{"0":{"name":"(anonymous_3)","decl":{"start":{"line":13,"column":0},"end":{"line":13,"column":6}},"loc":{"start":{"line":13,"column":0},"end":{"line":13,"column":6}}},"1":{"name":"(anonymous_4)","decl":{"start":{"line":14,"column":2},"end":{"line":14,"column":null}},"loc":{"start":{"line":17,"column":42},"end":{"line":18,"column":null}}},"2":{"name":"(anonymous_5)","decl":{"start":{"line":20,"column":9},"end":{"line":20,"column":18}},"loc":{"start":{"line":20,"column":18},"end":{"line":22,"column":null}}},"3":{"name":"(anonymous_6)","decl":{"start":{"line":24,"column":9},"end":{"line":24,"column":15}},"loc":{"start":{"line":24,"column":15},"end":{"line":27,"column":null}}}},"branchMap":{"0":{"loc":{"start":{"line":13,"column":13},"end":{"line":13,"column":25}},"type":"binary-expr","locations":[{"start":{"line":13,"column":13},"end":{"line":13,"column":25}},{"start":{"line":13,"column":13},"end":{"line":13,"column":25}}]}},"s":{"0":48,"1":24,"2":24,"3":24,"4":1090,"5":0,"6":0,"7":24},"f":{"0":24,"1":24,"2":1090,"3":0},"b":{"0":[24,24]}}
,"/home/runner/work/OC5-testing-an-application/OC5-testing-an-application/front/src/app/app.module.ts": {"path":"/home/runner/work/OC5-testing-an-application/OC5-testing-an-application/front/src/app/app.module.ts","statementMap":{"0":{"start":{"line":18,"column":23},"end":{"line":18,"column":null}},"1":{"start":{"line":45,"column":0},"end":{"line":45,"column":6}},"2":{"start":{"line":45,"column":13},"end":{"line":45,"column":22}}},"fnMap":{"0":{"name":"(anonymous_0)","decl":{"start":{"line":45,"column":0},"end":{"line":45,"column":6}},"loc":{"start":{"line":45,"column":0},"end":{"line":45,"column":6}}}},"branchMap":{"0":{"loc":{"start":{"line":45,"column":13},"end":{"line":45,"column":22}},"type":"binary-expr","locations":[{"start":{"line":45,"column":13},"end":{"line":45,"column":22}},{"start":{"line":45,"column":13},"end":{"line":45,"column":22}}]}},"s":{"0":24,"1":48,"2":24},"f":{"0":24},"b":{"0":[24,24]}}
,"/home/runner/work/OC5-testing-an-application/OC5-testing-an-application/front/src/app/components/me/me.component.html": {"path":"/home/runner/work/OC5-testing-an-application/OC5-testing-an-application/front/src/app/components/me/me.component.html","statementMap":{"0":{"start":{"line":15,"column":8},"end":{"line":15,"column":12}},"1":{"start":{"line":15,"column":42},"end":{"line":15,"column":55}},"2":{"start":{"line":15,"column":55},"end":{"line":15,"column":null}},"3":{"start":{"line":16,"column":8},"end":{"line":16,"column":14}},"4":{"start":{"line":17,"column":13},"end":{"line":17,"column":31}},"5":{"start":{"line":17,"column":31},"end":{"line":17,"column":null}},"6":{"start":{"line":18,"column":10},"end":{"line":18,"column":49}},"7":{"start":{"line":18,"column":49},"end":{"line":18,"column":58}},"8":{"start":{"line":19,"column":12},"end":{"line":19,"column":22}},"9":{"start":{"line":19,"column":22},"end":{"line":19,"column":28}},"10":{"start":{"line":19,"column":28},"end":{"line":19,"column":null}},"11":{"start":{"line":20,"column":12},"end":{"line":20,"column":30}},"12":{"start":{"line":20,"column":30},"end":{"line":20,"column":36}},"13":{"start":{"line":20,"column":36},"end":{"line":20,"column":null}},"14":{"start":{"line":12,"column":6},"end":{"line":12,"column":12}},"15":{"start":{"line":13,"column":11},"end":{"line":13,"column":69}},"16":{"start":{"line":13,"column":69},"end":{"line":13,"column":null}},"17":{"start":{"line":14,"column":8},"end":{"line":14,"column":11}},"18":{"start":{"line":14,"column":11},"end":{"line":14,"column":34}},"19":{"start":{"line":14,"column":34},"end":{"line":14,"column":null}},"20":{"start":{"line":23,"column":8},"end":{"line":23,"column":66}},"21":{"start":{"line":25,"column":16},"end":{"line":25,"column":27}},"22":{"start":{"line":25,"column":27},"end":{"line":25,"column":32}},"23":{"start":{"line":25,"column":32},"end":{"line":25,"column":70}},"24":{"start":{"line":25,"column":70},"end":{"line":25,"column":null}},"25":{"start":{"line":26,"column":10},"end":{"line":26,"column":13}},"26":{"start":{"line":26,"column":16},"end":{"line":26,"column":29}},"27":{"start":{"line":26,"column":29},"end":{"line":26,"column":34}},"28":{"start":{"line":26,"column":34},"end":{"line":26,"column":71}},"29":{"start":{"line":26,"column":71},"end":{"line":26,"column":null}},"30":{"start":{"line":15,"column":12},"end":{"line":15,"column":42}},"31":{"start":{"line":16,"column":14},"end":{"line":16,"column":93}},"32":{"start":{"line":1,"column":0},"end":{"line":1,"column":16}},"33":{"start":{"line":5,"column":32},"end":{"line":5,"column":41}},"34":{"start":{"line":6,"column":10},"end":{"line":6,"column":20}},"35":{"start":{"line":6,"column":20},"end":{"line":6,"column":30}},"36":{"start":{"line":6,"column":30},"end":{"line":6,"column":null}},"37":{"start":{"line":8,"column":8},"end":{"line":8,"column":12}},"38":{"start":{"line":8,"column":12},"end":{"line":8,"column":28}},"39":{"start":{"line":8,"column":28},"end":{"line":8,"column":null}},"40":{"start":{"line":11,"column":4},"end":{"line":11,"column":null}},"41":{"start":{"line":29,"column":4},"end":{"line":29,"column":null}},"42":{"start":{"line":12,"column":12},"end":{"line":12,"column":71}}},"fnMap":{"0":{"name":"MeComponent_div_10_div_7_Template_button_click_3_listener","decl":{"start":{"line":18,"column":49},"end":{"line":18,"column":58}},"loc":{"start":{"line":18,"column":49},"end":{"line":18,"column":null}}},"1":{"name":"MeComponent_Template_button_click_4_listener","decl":{"start":{"line":5,"column":32},"end":{"line":5,"column":41}},"loc":{"start":{"line":5,"column":32},"end":{"line":5,"column":null}}}},"branchMap":{},"s":{"0":3,"1":0,"2":0,"3":6,"4":3,"5":3,"6":3,"7":6,"8":3,"9":3,"10":3,"11":3,"12":3,"13":3,"14":6,"15":19,"16":3,"17":3,"18":19,"19":3,"20":3,"21":3,"22":3,"23":19,"24":3,"25":3,"26":3,"27":3,"28":19,"29":3,"30":16,"31":16,"32":3,"33":4,"34":3,"35":3,"36":3,"37":3,"38":3,"39":3,"40":3,"41":3,"42":22},"f":{"0":1,"1":1},"b":{}}
,"/home/runner/work/OC5-testing-an-application/OC5-testing-an-application/front/src/app/components/me/me.component.ts": {"path":"/home/runner/work/OC5-testing-an-application/OC5-testing-an-application/front/src/app/components/me/me.component.ts","statementMap":{"0":{"start":{"line":13,"column":0},"end":{"line":13,"column":6}},"1":{"start":{"line":17,"column":22},"end":{"line":17,"column":null}},"2":{"start":{"line":18,"column":22},"end":{"line":18,"column":null}},"3":{"start":{"line":19,"column":22},"end":{"line":19,"column":null}},"4":{"start":{"line":20,"column":22},"end":{"line":20,"column":46}},"5":{"start":{"line":24,"column":4},"end":{"line":24,"column":9}},"6":{"start":{"line":26,"column":33},"end":{"line":26,"column":null}},"7":{"start":{"line":30,"column":4},"end":{"line":30,"column":10}},"8":{"start":{"line":34,"column":4},"end":{"line":34,"column":9}},"9":{"start":{"line":37,"column":8},"end":{"line":37,"column":13}},"10":{"start":{"line":38,"column":8},"end":{"line":38,"column":13}},"11":{"start":{"line":39,"column":8},"end":{"line":39,"column":13}},"12":{"start":{"line":13,"column":13},"end":{"line":13,"column":null}}},"fnMap":{"0":{"name":"(anonymous_4)","decl":{"start":{"line":13,"column":0},"end":{"line":13,"column":6}},"loc":{"start":{"line":13,"column":0},"end":{"line":13,"column":6}}},"1":{"name":"(anonymous_5)","decl":{"start":{"line":17,"column":2},"end":{"line":17,"column":22}},"loc":{"start":{"line":20,"column":46},"end":{"line":21,"column":null}}},"2":{"name":"(anonymous_6)","decl":{"start":{"line":23,"column":9},"end":{"line":23,"column":17}},"loc":{"start":{"line":23,"column":17},"end":{"line":27,"column":null}}},"3":{"name":"(anonymous_7)","decl":{"start":{"line":26,"column":18},"end":{"line":26,"column":33}},"loc":{"start":{"line":26,"column":33},"end":{"line":26,"column":null}}},"4":{"name":"(anonymous_8)","decl":{"start":{"line":29,"column":9},"end":{"line":29,"column":13}},"loc":{"start":{"line":29,"column":13},"end":{"line":31,"column":null}}},"5":{"name":"(anonymous_9)","decl":{"start":{"line":33,"column":9},"end":{"line":33,"column":15}},"loc":{"start":{"line":33,"column":15},"end":{"line":41,"column":null}}},"6":{"name":"(anonymous_10)","decl":{"start":{"line":36,"column":18},"end":{"line":36,"column":23}},"loc":{"start":{"line":36,"column":23},"end":{"line":40,"column":null}}}},"branchMap":{"0":{"loc":{"start":{"line":13,"column":13},"end":{"line":13,"column":24}},"type":"binary-expr","locations":[{"start":{"line":13,"column":13},"end":{"line":13,"column":24}},{"start":{"line":13,"column":13},"end":{"line":13,"column":24}}]}},"s":{"0":48,"1":3,"2":3,"3":3,"4":3,"5":3,"6":3,"7":1,"8":1,"9":1,"10":1,"11":1,"12":3},"f":{"0":24,"1":3,"2":3,"3":3,"4":1,"5":1,"6":1},"b":{"0":[3,3]}}
,"/home/runner/work/OC5-testing-an-application/OC5-testing-an-application/front/src/app/components/not-found/not-found.component.html": {"path":"/home/runner/work/OC5-testing-an-application/OC5-testing-an-application/front/src/app/components/not-found/not-found.component.html","statementMap":{"0":{"start":{"line":1,"column":0},"end":{"line":1,"column":37}},"1":{"start":{"line":2,"column":12},"end":{"line":2,"column":28}},"2":{"start":{"line":2,"column":28},"end":{"line":2,"column":null}}},"fnMap":{},"branchMap":{},"s":{"0":1,"1":1,"2":1},"f":{},"b":{}}
,"/home/runner/work/OC5-testing-an-application/OC5-testing-an-application/front/src/app/components/not-found/not-found.component.ts": {"path":"/home/runner/work/OC5-testing-an-application/OC5-testing-an-application/front/src/app/components/not-found/not-found.component.ts","statementMap":{"0":{"start":{"line":8,"column":0},"end":{"line":8,"column":6}},"1":{"start":{"line":8,"column":13},"end":{"line":8,"column":30}}},"fnMap":{"0":{"name":"(anonymous_0)","decl":{"start":{"line":8,"column":0},"end":{"line":8,"column":6}},"loc":{"start":{"line":8,"column":0},"end":{"line":8,"column":6}}}},"branchMap":{"0":{"loc":{"start":{"line":8,"column":13},"end":{"line":8,"column":30}},"type":"binary-expr","locations":[{"start":{"line":8,"column":13},"end":{"line":8,"column":30}},{"start":{"line":8,"column":13},"end":{"line":8,"column":30}}]}},"s":{"0":48,"1":1},"f":{"0":24},"b":{"0":[1,1]}}
,"/home/runner/work/OC5-testing-an-application/OC5-testing-an-application/front/src/app/features/auth/auth-routing.module.ts": {"path":"/home/runner/work/OC5-testing-an-application/OC5-testing-an-application/front/src/app/features/auth/auth-routing.module.ts","statementMap":{"0":{"start":{"line":7,"column":23},"end":{"line":7,"column":null}},"1":{"start":{"line":16,"column":0},"end":{"line":16,"column":6}},"2":{"start":{"line":16,"column":13},"end":{"line":16,"column":30}}},"fnMap":{"0":{"name":"(anonymous_0)","decl":{"start":{"line":16,"column":0},"end":{"line":16,"column":6}},"loc":{"start":{"line":16,"column":0},"end":{"line":16,"column":6}}}},"branchMap":{"0":{"loc":{"start":{"line":16,"column":13},"end":{"line":16,"column":30}},"type":"binary-expr","locations":[{"start":{"line":16,"column":13},"end":{"line":16,"column":30}},{"start":{"line":16,"column":13},"end":{"line":16,"column":30}}]}},"s":{"0":24,"1":48,"2":24},"f":{"0":24},"b":{"0":[24,24]}}
,"/home/runner/work/OC5-testing-an-application/OC5-testing-an-application/front/src/app/features/auth/auth.module.ts": {"path":"/home/runner/work/OC5-testing-an-application/OC5-testing-an-application/front/src/app/features/auth/auth.module.ts","statementMap":{"0":{"start":{"line":14,"column":24},"end":{"line":14,"column":null}},"1":{"start":{"line":36,"column":0},"end":{"line":36,"column":6}},"2":{"start":{"line":36,"column":13},"end":{"line":36,"column":23}}},"fnMap":{"0":{"name":"(anonymous_0)","decl":{"start":{"line":36,"column":0},"end":{"line":36,"column":6}},"loc":{"start":{"line":36,"column":0},"end":{"line":36,"column":6}}}},"branchMap":{"0":{"loc":{"start":{"line":36,"column":13},"end":{"line":36,"column":23}},"type":"binary-expr","locations":[{"start":{"line":36,"column":13},"end":{"line":36,"column":23}},{"start":{"line":36,"column":13},"end":{"line":36,"column":23}}]}},"s":{"0":24,"1":48,"2":24},"f":{"0":24},"b":{"0":[24,24]}}
,"/home/runner/work/OC5-testing-an-application/OC5-testing-an-application/front/src/app/features/auth/components/login/login.component.html": {"path":"/home/runner/work/OC5-testing-an-application/OC5-testing-an-application/front/src/app/features/auth/components/login/login.component.html","statementMap":{"0":{"start":{"line":21,"column":12},"end":{"line":21,"column":16}},"1":{"start":{"line":21,"column":45},"end":{"line":21,"column":62}},"2":{"start":{"line":21,"column":62},"end":{"line":21,"column":null}},"3":{"start":{"line":1,"column":0},"end":{"line":1,"column":64}},"4":{"start":{"line":4,"column":28},"end":{"line":4,"column":33}},"5":{"start":{"line":4,"column":33},"end":{"line":4,"column":null}},"6":{"start":{"line":6,"column":8},"end":{"line":6,"column":33}},"7":{"start":{"line":6,"column":52},"end":{"line":6,"column":64}},"8":{"start":{"line":7,"column":12},"end":{"line":7,"column":48}},"9":{"start":{"line":9,"column":20},"end":{"line":9,"column":null}},"10":{"start":{"line":10,"column":16},"end":{"line":10,"column":null}},"11":{"start":{"line":11,"column":16},"end":{"line":11,"column":null}},"12":{"start":{"line":12,"column":20},"end":{"line":12,"column":36}},"13":{"start":{"line":14,"column":20},"end":{"line":14,"column":54}},"14":{"start":{"line":14,"column":54},"end":{"line":14,"column":77}},"15":{"start":{"line":16,"column":24},"end":{"line":16,"column":34}},"16":{"start":{"line":16,"column":34},"end":{"line":16,"column":76}},"17":{"start":{"line":16,"column":76},"end":{"line":16,"column":null}},"18":{"start":{"line":20,"column":12},"end":{"line":20,"column":68}},"19":{"start":{"line":20,"column":94},"end":{"line":20,"column":100}},"20":{"start":{"line":20,"column":100},"end":{"line":20,"column":null}},"21":{"start":{"line":22,"column":8},"end":{"line":22,"column":null}},"22":{"start":{"line":6,"column":33},"end":{"line":6,"column":52}},"23":{"start":{"line":12,"column":36},"end":{"line":12,"column":null}},"24":{"start":{"line":14,"column":77},"end":{"line":14,"column":112}},"25":{"start":{"line":20,"column":68},"end":{"line":20,"column":94}},"26":{"start":{"line":21,"column":16},"end":{"line":21,"column":45}}},"fnMap":{"0":{"name":"LoginComponent_Template_form_ngSubmit_5_listener","decl":{"start":{"line":6,"column":52},"end":{"line":6,"column":64}},"loc":{"start":{"line":6,"column":52},"end":{"line":6,"column":null}}},"1":{"name":"LoginComponent_Template_button_click_11_listener","decl":{"start":{"line":14,"column":54},"end":{"line":14,"column":77}},"loc":{"start":{"line":14,"column":54},"end":{"line":14,"column":77}}}},"branchMap":{"0":{"loc":{"start":{"line":12,"column":36},"end":{"line":12,"column":null}},"type":"cond-expr","locations":[{"start":{"line":12,"column":36},"end":{"line":12,"column":null}},{"start":{"line":12,"column":36},"end":{"line":12,"column":null}}]},"1":{"loc":{"start":{"line":16,"column":34},"end":{"line":16,"column":76}},"type":"cond-expr","locations":[{"start":{"line":16,"column":34},"end":{"line":16,"column":76}},{"start":{"line":16,"column":34},"end":{"line":16,"column":76}}]}},"s":{"0":20,"1":1,"2":1,"3":19,"4":19,"5":19,"6":19,"7":34,"8":19,"9":19,"10":19,"11":19,"12":19,"13":19,"14":32,"15":19,"16":1179,"17":19,"18":19,"19":19,"20":19,"21":19,"22":1160,"23":1160,"24":1160,"25":1160,"26":1160},"f":{"0":15,"1":13},"b":{"0":[502,78],"1":[502,78]}}
,"/home/runner/work/OC5-testing-an-application/OC5-testing-an-application/front/src/app/features/auth/components/login/login.component.ts": {"path":"/home/runner/work/OC5-testing-an-application/OC5-testing-an-application/front/src/app/features/auth/components/login/login.component.ts","statementMap":{"0":{"start":{"line":14,"column":0},"end":{"line":14,"column":6}},"1":{"start":{"line":35,"column":22},"end":{"line":35,"column":null}},"2":{"start":{"line":36,"column":22},"end":{"line":36,"column":null}},"3":{"start":{"line":37,"column":22},"end":{"line":37,"column":null}},"4":{"start":{"line":38,"column":22},"end":{"line":38,"column":52}},"5":{"start":{"line":15,"column":9},"end":{"line":15,"column":16}},"6":{"start":{"line":16,"column":9},"end":{"line":16,"column":19}},"7":{"start":{"line":18,"column":9},"end":{"line":18,"column":16}},"8":{"start":{"line":42,"column":25},"end":{"line":42,"column":null}},"9":{"start":{"line":43,"column":4},"end":{"line":43,"column":9}},"10":{"start":{"line":45,"column":8},"end":{"line":45,"column":13}},"11":{"start":{"line":46,"column":8},"end":{"line":46,"column":13}},"12":{"start":{"line":48,"column":22},"end":{"line":48,"column":null}},"13":{"start":{"line":14,"column":13},"end":{"line":14,"column":null}}},"fnMap":{"0":{"name":"(anonymous_1)","decl":{"start":{"line":14,"column":0},"end":{"line":14,"column":6}},"loc":{"start":{"line":14,"column":0},"end":{"line":14,"column":6}}},"1":{"name":"(anonymous_2)","decl":{"start":{"line":35,"column":2},"end":{"line":35,"column":22}},"loc":{"start":{"line":38,"column":52},"end":{"line":39,"column":null}}},"2":{"name":"(anonymous_3)","decl":{"start":{"line":41,"column":9},"end":{"line":41,"column":15}},"loc":{"start":{"line":41,"column":15},"end":{"line":50,"column":null}}},"3":{"name":"(anonymous_4)","decl":{"start":{"line":44,"column":13},"end":{"line":44,"column":45}},"loc":{"start":{"line":44,"column":45},"end":{"line":47,"column":null}}},"4":{"name":"(anonymous_5)","decl":{"start":{"line":48,"column":13},"end":{"line":48,"column":18}},"loc":{"start":{"line":48,"column":22},"end":{"line":48,"column":null}}}},"branchMap":{"0":{"loc":{"start":{"line":14,"column":13},"end":{"line":14,"column":27}},"type":"binary-expr","locations":[{"start":{"line":14,"column":13},"end":{"line":14,"column":27}},{"start":{"line":14,"column":13},"end":{"line":14,"column":27}}]}},"s":{"0":48,"1":19,"2":19,"3":19,"4":19,"5":19,"6":19,"7":19,"8":15,"9":15,"10":14,"11":14,"12":1,"13":19},"f":{"0":24,"1":19,"2":15,"3":14,"4":1},"b":{"0":[19,19]}}
,"/home/runner/work/OC5-testing-an-application/OC5-testing-an-application/front/src/app/features/auth/components/register/register.component.html": {"path":"/home/runner/work/OC5-testing-an-application/OC5-testing-an-application/front/src/app/features/auth/components/register/register.component.html","statementMap":{"0":{"start":{"line":22,"column":12},"end":{"line":22,"column":19}},"1":{"start":{"line":22,"column":52},"end":{"line":22,"column":69}},"2":{"start":{"line":22,"column":69},"end":{"line":22,"column":null}},"3":{"start":{"line":1,"column":0},"end":{"line":1,"column":67}},"4":{"start":{"line":4,"column":28},"end":{"line":4,"column":36}},"5":{"start":{"line":4,"column":36},"end":{"line":4,"column":null}},"6":{"start":{"line":6,"column":8},"end":{"line":6,"column":36}},"7":{"start":{"line":6,"column":55},"end":{"line":6,"column":67}},"8":{"start":{"line":7,"column":12},"end":{"line":7,"column":48}},"9":{"start":{"line":9,"column":20},"end":{"line":9,"column":null}},"10":{"start":{"line":10,"column":16},"end":{"line":10,"column":null}},"11":{"start":{"line":11,"column":16},"end":{"line":11,"column":null}},"12":{"start":{"line":12,"column":20},"end":{"line":12,"column":null}},"13":{"start":{"line":13,"column":16},"end":{"line":13,"column":null}},"14":{"start":{"line":14,"column":16},"end":{"line":14,"column":null}},"15":{"start":{"line":15,"column":20},"end":{"line":15,"column":null}},"16":{"start":{"line":16,"column":16},"end":{"line":16,"column":null}},"17":{"start":{"line":17,"column":16},"end":{"line":17,"column":null}},"18":{"start":{"line":18,"column":20},"end":{"line":18,"column":null}},"19":{"start":{"line":19,"column":16},"end":{"line":19,"column":null}},"20":{"start":{"line":21,"column":12},"end":{"line":21,"column":68}},"21":{"start":{"line":21,"column":94},"end":{"line":21,"column":100}},"22":{"start":{"line":21,"column":100},"end":{"line":21,"column":null}},"23":{"start":{"line":23,"column":8},"end":{"line":23,"column":null}},"24":{"start":{"line":6,"column":36},"end":{"line":6,"column":55}},"25":{"start":{"line":21,"column":68},"end":{"line":21,"column":94}},"26":{"start":{"line":22,"column":19},"end":{"line":22,"column":52}}},"fnMap":{"0":{"name":"RegisterComponent_Template_form_ngSubmit_5_listener","decl":{"start":{"line":6,"column":55},"end":{"line":6,"column":67}},"loc":{"start":{"line":6,"column":55},"end":{"line":6,"column":null}}}},"branchMap":{},"s":{"0":5,"1":1,"2":1,"3":4,"4":4,"5":4,"6":4,"7":6,"8":4,"9":4,"10":4,"11":4,"12":4,"13":4,"14":4,"15":4,"16":4,"17":4,"18":4,"19":4,"20":4,"21":4,"22":4,"23":4,"24":318,"25":318,"26":318},"f":{"0":2},"b":{}}
,"/home/runner/work/OC5-testing-an-application/OC5-testing-an-application/front/src/app/features/auth/components/register/register.component.ts": {"path":"/home/runner/work/OC5-testing-an-application/OC5-testing-an-application/front/src/app/features/auth/components/register/register.component.ts","statementMap":{"0":{"start":{"line":12,"column":0},"end":{"line":12,"column":6}},"1":{"start":{"line":50,"column":22},"end":{"line":50,"column":null}},"2":{"start":{"line":51,"column":22},"end":{"line":51,"column":null}},"3":{"start":{"line":52,"column":22},"end":{"line":52,"column":36}},"4":{"start":{"line":14,"column":9},"end":{"line":14,"column":19}},"5":{"start":{"line":16,"column":9},"end":{"line":16,"column":16}},"6":{"start":{"line":56,"column":28},"end":{"line":56,"column":null}},"7":{"start":{"line":57,"column":4},"end":{"line":57,"column":9}},"8":{"start":{"line":58,"column":27},"end":{"line":58,"column":32}},"9":{"start":{"line":59,"column":20},"end":{"line":59,"column":null}},"10":{"start":{"line":12,"column":13},"end":{"line":12,"column":null}}},"fnMap":{"0":{"name":"(anonymous_1)","decl":{"start":{"line":12,"column":0},"end":{"line":12,"column":6}},"loc":{"start":{"line":12,"column":0},"end":{"line":12,"column":6}}},"1":{"name":"(anonymous_2)","decl":{"start":{"line":50,"column":2},"end":{"line":50,"column":22}},"loc":{"start":{"line":52,"column":36},"end":{"line":53,"column":null}}},"2":{"name":"(anonymous_3)","decl":{"start":{"line":55,"column":9},"end":{"line":55,"column":15}},"loc":{"start":{"line":55,"column":15},"end":{"line":62,"column":null}}},"3":{"name":"(anonymous_4)","decl":{"start":{"line":58,"column":15},"end":{"line":58,"column":27}},"loc":{"start":{"line":58,"column":27},"end":{"line":58,"column":32}}},"4":{"name":"(anonymous_5)","decl":{"start":{"line":59,"column":15},"end":{"line":59,"column":16}},"loc":{"start":{"line":59,"column":20},"end":{"line":59,"column":null}}}},"branchMap":{"0":{"loc":{"start":{"line":12,"column":13},"end":{"line":12,"column":30}},"type":"binary-expr","locations":[{"start":{"line":12,"column":13},"end":{"line":12,"column":30}},{"start":{"line":12,"column":13},"end":{"line":12,"column":30}}]}},"s":{"0":48,"1":4,"2":4,"3":4,"4":4,"5":4,"6":2,"7":2,"8":1,"9":1,"10":4},"f":{"0":24,"1":4,"2":2,"3":1,"4":1},"b":{"0":[4,4]}}
,"/home/runner/work/OC5-testing-an-application/OC5-testing-an-application/front/src/app/features/auth/services/auth.service.ts": {"path":"/home/runner/work/OC5-testing-an-application/OC5-testing-an-application/front/src/app/features/auth/services/auth.service.ts","statementMap":{"0":{"start":{"line":11,"column":0},"end":{"line":11,"column":6}},"1":{"start":{"line":15,"column":22},"end":{"line":15,"column":44}},"2":{"start":{"line":13,"column":10},"end":{"line":13,"column":24}},"3":{"start":{"line":18,"column":4},"end":{"line":18,"column":11}},"4":{"start":{"line":22,"column":4},"end":{"line":22,"column":11}},"5":{"start":{"line":11,"column":13},"end":{"line":11,"column":null}}},"fnMap":{"0":{"name":"(anonymous_0)","decl":{"start":{"line":11,"column":0},"end":{"line":11,"column":6}},"loc":{"start":{"line":11,"column":0},"end":{"line":11,"column":6}}},"1":{"name":"(anonymous_1)","decl":{"start":{"line":15,"column":2},"end":{"line":15,"column":22}},"loc":{"start":{"line":15,"column":44},"end":{"line":15,"column":null}}},"2":{"name":"(anonymous_2)","decl":{"start":{"line":17,"column":9},"end":{"line":17,"column":17}},"loc":{"start":{"line":17,"column":50},"end":{"line":19,"column":null}}},"3":{"name":"(anonymous_3)","decl":{"start":{"line":21,"column":9},"end":{"line":21,"column":14}},"loc":{"start":{"line":21,"column":41},"end":{"line":23,"column":null}}}},"branchMap":{"0":{"loc":{"start":{"line":11,"column":13},"end":{"line":11,"column":24}},"type":"binary-expr","locations":[{"start":{"line":11,"column":13},"end":{"line":11,"column":24}},{"start":{"line":11,"column":13},"end":{"line":11,"column":24}}]}},"s":{"0":48,"1":24,"2":24,"3":2,"4":15,"5":24},"f":{"0":24,"1":24,"2":2,"3":15},"b":{"0":[24,24]}}
,"/home/runner/work/OC5-testing-an-application/OC5-testing-an-application/front/src/app/features/sessions/sessions-routing.module.ts": {"path":"/home/runner/work/OC5-testing-an-application/OC5-testing-an-application/front/src/app/features/sessions/sessions-routing.module.ts","statementMap":{"0":{"start":{"line":7,"column":23},"end":{"line":7,"column":null}},"1":{"start":{"line":18,"column":0},"end":{"line":18,"column":6}},"2":{"start":{"line":18,"column":13},"end":{"line":18,"column":34}}},"fnMap":{"0":{"name":"(anonymous_0)","decl":{"start":{"line":18,"column":0},"end":{"line":18,"column":6}},"loc":{"start":{"line":18,"column":0},"end":{"line":18,"column":6}}}},"branchMap":{"0":{"loc":{"start":{"line":18,"column":13},"end":{"line":18,"column":34}},"type":"binary-expr","locations":[{"start":{"line":18,"column":13},"end":{"line":18,"column":34}},{"start":{"line":18,"column":13},"end":{"line":18,"column":34}}]}},"s":{"0":15,"1":30,"2":15},"f":{"0":15},"b":{"0":[15,15]}}
,"/home/runner/work/OC5-testing-an-application/OC5-testing-an-application/front/src/app/features/sessions/sessions.module.ts": {"path":"/home/runner/work/OC5-testing-an-application/OC5-testing-an-application/front/src/app/features/sessions/sessions.module.ts","statementMap":{"0":{"start":{"line":17,"column":0},"end":{"line":17,"column":18}},"1":{"start":{"line":19,"column":24},"end":{"line":19,"column":null}},"2":{"start":{"line":43,"column":0},"end":{"line":43,"column":6}},"3":{"start":{"line":43,"column":13},"end":{"line":43,"column":27}}},"fnMap":{"0":{"name":"(anonymous_0)","decl":{"start":{"line":43,"column":0},"end":{"line":43,"column":6}},"loc":{"start":{"line":43,"column":0},"end":{"line":43,"column":6}}}},"branchMap":{"0":{"loc":{"start":{"line":43,"column":13},"end":{"line":43,"column":27}},"type":"binary-expr","locations":[{"start":{"line":43,"column":13},"end":{"line":43,"column":27}},{"start":{"line":43,"column":13},"end":{"line":43,"column":27}}]}},"s":{"0":15,"1":15,"2":30,"3":15},"f":{"0":15},"b":{"0":[15,15]}}
,"/home/runner/work/OC5-testing-an-application/OC5-testing-an-application/front/src/app/features/sessions/components/detail/detail.component.html": {"path":"/home/runner/work/OC5-testing-an-application/OC5-testing-an-application/front/src/app/features/sessions/components/detail/detail.component.html","statementMap":{"0":{"start":{"line":12,"column":10},"end":{"line":12,"column":19}},"1":{"start":{"line":12,"column":93},"end":{"line":12,"column":102}},"2":{"start":{"line":13,"column":12},"end":{"line":13,"column":22}},"3":{"start":{"line":13,"column":22},"end":{"line":13,"column":28}},"4":{"start":{"line":13,"column":28},"end":{"line":13,"column":null}},"5":{"start":{"line":14,"column":12},"end":{"line":14,"column":30}},"6":{"start":{"line":14,"column":30},"end":{"line":14,"column":36}},"7":{"start":{"line":14,"column":36},"end":{"line":14,"column":null}},"8":{"start":{"line":17,"column":12},"end":{"line":17,"column":21}},"9":{"start":{"line":17,"column":77},"end":{"line":17,"column":86}},"10":{"start":{"line":18,"column":14},"end":{"line":18,"column":24}},"11":{"start":{"line":18,"column":24},"end":{"line":18,"column":34}},"12":{"start":{"line":18,"column":34},"end":{"line":18,"column":null}},"13":{"start":{"line":19,"column":14},"end":{"line":19,"column":32}},"14":{"start":{"line":19,"column":32},"end":{"line":19,"column":43}},"15":{"start":{"line":19,"column":43},"end":{"line":19,"column":null}},"16":{"start":{"line":21,"column":12},"end":{"line":21,"column":21}},"17":{"start":{"line":21,"column":73},"end":{"line":21,"column":82}},"18":{"start":{"line":22,"column":14},"end":{"line":22,"column":24}},"19":{"start":{"line":22,"column":24},"end":{"line":22,"column":37}},"20":{"start":{"line":22,"column":37},"end":{"line":22,"column":null}},"21":{"start":{"line":23,"column":14},"end":{"line":23,"column":32}},"22":{"start":{"line":23,"column":32},"end":{"line":23,"column":50}},"23":{"start":{"line":23,"column":50},"end":{"line":23,"column":null}},"24":{"start":{"line":16,"column":10},"end":{"line":16,"column":16}},"25":{"start":{"line":26,"column":10},"end":{"line":26,"column":null}},"26":{"start":{"line":17,"column":21},"end":{"line":17,"column":77}},"27":{"start":{"line":21,"column":21},"end":{"line":21,"column":73}},"28":{"start":{"line":32,"column":4},"end":{"line":32,"column":24}},"29":{"start":{"line":35,"column":10},"end":{"line":35,"column":null}},"30":{"start":{"line":36,"column":8},"end":{"line":36,"column":null}},"31":{"start":{"line":37,"column":8},"end":{"line":37,"column":53}},"32":{"start":{"line":37,"column":53},"end":{"line":37,"column":111}},"33":{"start":{"line":37,"column":111},"end":{"line":37,"column":null}},"34":{"start":{"line":2,"column":2},"end":{"line":2,"column":13}},"35":{"start":{"line":6,"column":34},"end":{"line":6,"column":43}},"36":{"start":{"line":7,"column":12},"end":{"line":7,"column":22}},"37":{"start":{"line":7,"column":22},"end":{"line":7,"column":32}},"38":{"start":{"line":7,"column":32},"end":{"line":7,"column":null}},"39":{"start":{"line":9,"column":10},"end":{"line":9,"column":14}},"40":{"start":{"line":9,"column":14},"end":{"line":9,"column":42}},"41":{"start":{"line":9,"column":42},"end":{"line":9,"column":null}},"42":{"start":{"line":11,"column":8},"end":{"line":11,"column":null}},"43":{"start":{"line":29,"column":8},"end":{"line":29,"column":null}},"44":{"start":{"line":40,"column":4},"end":{"line":40,"column":null}},"45":{"start":{"line":41,"column":6},"end":{"line":41,"column":null}},"46":{"start":{"line":42,"column":4},"end":{"line":42,"column":null}},"47":{"start":{"line":43,"column":4},"end":{"line":43,"column":22}},"48":{"start":{"line":47,"column":12},"end":{"line":47,"column":null}},"49":{"start":{"line":48,"column":10},"end":{"line":48,"column":null}},"50":{"start":{"line":49,"column":10},"end":{"line":49,"column":28}},"51":{"start":{"line":49,"column":28},"end":{"line":49,"column":64}},"52":{"start":{"line":49,"column":64},"end":{"line":49,"column":null}},"53":{"start":{"line":51,"column":8},"end":{"line":51,"column":42}},"54":{"start":{"line":53,"column":12},"end":{"line":53,"column":null}},"55":{"start":{"line":54,"column":10},"end":{"line":54,"column":null}},"56":{"start":{"line":55,"column":10},"end":{"line":55,"column":28}},"57":{"start":{"line":55,"column":28},"end":{"line":55,"column":64}},"58":{"start":{"line":55,"column":64},"end":{"line":55,"column":null}},"59":{"start":{"line":58,"column":6},"end":{"line":58,"column":57}},"60":{"start":{"line":59,"column":11},"end":{"line":59,"column":23}},"61":{"start":{"line":59,"column":23},"end":{"line":59,"column":null}},"62":{"start":{"line":60,"column":8},"end":{"line":60,"column":null}},"63":{"start":{"line":61,"column":8},"end":{"line":61,"column":null}},"64":{"start":{"line":62,"column":6},"end":{"line":62,"column":null}},"65":{"start":{"line":63,"column":6},"end":{"line":63,"column":88}},"66":{"start":{"line":64,"column":32},"end":{"line":64,"column":43}},"67":{"start":{"line":64,"column":43},"end":{"line":64,"column":48}},"68":{"start":{"line":64,"column":48},"end":{"line":64,"column":88}},"69":{"start":{"line":64,"column":88},"end":{"line":64,"column":null}},"70":{"start":{"line":65,"column":8},"end":{"line":65,"column":29}},"71":{"start":{"line":65,"column":32},"end":{"line":65,"column":45}},"72":{"start":{"line":65,"column":45},"end":{"line":65,"column":50}},"73":{"start":{"line":65,"column":50},"end":{"line":65,"column":90}},"74":{"start":{"line":65,"column":90},"end":{"line":65,"column":null}},"75":{"start":{"line":12,"column":19},"end":{"line":12,"column":93}},"76":{"start":{"line":16,"column":16},"end":{"line":16,"column":null}},"77":{"start":{"line":32,"column":24},"end":{"line":32,"column":39}},"78":{"start":{"line":1,"column":0},"end":{"line":1,"column":null}},"79":{"start":{"line":69,"column":0},"end":{"line":69,"column":null}},"80":{"start":{"line":2,"column":13},"end":{"line":2,"column":28}}},"fnMap":{"0":{"name":"DetailComponent_mat_card_1_button_11_Template_button_click_0_listener","decl":{"start":{"line":12,"column":93},"end":{"line":12,"column":102}},"loc":{"start":{"line":12,"column":93},"end":{"line":12,"column":null}}},"1":{"name":"DetailComponent_mat_card_1_div_12_button_1_Template_button_click_0_listener","decl":{"start":{"line":17,"column":77},"end":{"line":17,"column":86}},"loc":{"start":{"line":17,"column":77},"end":{"line":17,"column":null}}},"2":{"name":"DetailComponent_mat_card_1_div_12_button_2_Template_button_click_0_listener","decl":{"start":{"line":21,"column":73},"end":{"line":21,"column":82}},"loc":{"start":{"line":21,"column":73},"end":{"line":21,"column":null}}},"3":{"name":"DetailComponent_mat_card_1_Template_button_click_4_listener","decl":{"start":{"line":6,"column":34},"end":{"line":6,"column":43}},"loc":{"start":{"line":6,"column":34},"end":{"line":6,"column":null}}}},"branchMap":{},"s":{"0":5,"1":4,"2":1,"3":1,"4":1,"5":1,"6":1,"7":1,"8":6,"9":6,"10":3,"11":3,"12":3,"13":3,"14":3,"15":3,"16":3,"17":0,"18":0,"19":0,"20":0,"21":0,"22":0,"23":0,"24":7,"25":3,"26":34,"27":34,"28":8,"29":4,"30":4,"31":4,"32":32,"33":4,"34":8,"35":4,"36":4,"37":4,"38":4,"39":4,"40":48,"41"
[...]
,"/home/runner/work/OC5-testing-an-application/OC5-testing-an-application/front/src/app/features/sessions/components/list/list.component.html": {"path":"/home/runner/work/OC5-testing-an-application/OC5-testing-an-application/front/src/app/features/sessions/components/list/list.component.html","statementMap":{"0":{"start":{"line":5,"column":6},"end":{"line":5,"column":15}},"1":{"start":{"line":6,"column":18},"end":{"line":6,"column":21}},"2":{"start":{"line":6,"column":21},"end":{"line":6,"column":null}},"3":{"start":{"line":7,"column":8},"end":{"line":7,"column":26}},"4":{"start":{"line":7,"column":26},"end":{"line":7,"column":32}},"5":{"start":{"line":7,"column":32},"end":{"line":7,"column":null}},"6":{"start":{"line":31,"column":10},"end":{"line":31,"column":19}},"7":{"start":{"line":33,"column":22},"end":{"line":33,"column":26}},"8":{"start":{"line":33,"column":26},"end":{"line":33,"column":null}},"9":{"start":{"line":34,"column":12},"end":{"line":34,"column":30}},"10":{"start":{"line":34,"column":30},"end":{"line":34,"column":34}},"11":{"start":{"line":34,"column":34},"end":{"line":34,"column":null}},"12":{"start":{"line":32,"column":18},"end":{"line":32,"column":55}},"13":{"start":{"line":11,"column":6},"end":{"line":11,"column":49}},"14":{"start":{"line":13,"column":26},"end":{"line":13,"column":44}},"15":{"start":{"line":13,"column":44},"end":{"line":13,"column":null}},"16":{"start":{"line":14,"column":10},"end":{"line":14,"column":null}},"17":{"start":{"line":15,"column":12},"end":{"line":15,"column":null}},"18":{"start":{"line":16,"column":10},"end":{"line":16,"column":null}},"19":{"start":{"line":18,"column":8},"end":{"line":18,"column":null}},"20":{"start":{"line":19,"column":10},"end":{"line":19,"column":null}},"21":{"start":{"line":20,"column":8},"end":{"line":20,"column":null}},"22":{"start":{"line":21,"column":8},"end":{"line":21,"column":26}},"23":{"start":{"line":23,"column":12},"end":{"line":23,"column":null}},"24":{"start":{"line":24,"column":10},"end":{"line":24,"column":null}},"25":{"start":{"line":26,"column":8},"end":{"line":26,"column":26}},"26":{"start":{"line":28,"column":22},"end":{"line":28,"column":28}},"27":{"start":{"line":28,"column":28},"end":{"line":28,"column":null}},"28":{"start":{"line":29,"column":12},"end":{"line":29,"column":30}},"29":{"start":{"line":29,"column":30},"end":{"line":29,"column":36}},"30":{"start":{"line":29,"column":36},"end":{"line":29,"column":null}},"31":{"start":{"line":36,"column":8},"end":{"line":36,"column":null}},"32":{"start":{"line":27,"column":52},"end":{"line":27,"column":null}},"33":{"start":{"line":31,"column":19},"end":{"line":31,"column":null}},"34":{"start":{"line":1,"column":0},"end":{"line":1,"column":18}},"35":{"start":{"line":4,"column":33},"end":{"line":4,"column":50}},"36":{"start":{"line":4,"column":50},"end":{"line":4,"column":null}},"37":{"start":{"line":9,"column":4},"end":{"line":9,"column":null}},"38":{"start":{"line":10,"column":4},"end":{"line":10,"column":null}},"39":{"start":{"line":38,"column":4},"end":{"line":38,"column":null}},"40":{"start":{"line":5,"column":15},"end":{"line":5,"column":124}},"41":{"start":{"line":11,"column":49},"end":{"line":11,"column":80}}},"fnMap":{},"branchMap":{},"s":{"0":25,"1":8,"2":8,"3":8,"4":8,"5":8,"6":14,"7":5,"8":5,"9":5,"10":5,"11":5,"12":10,"13":26,"14":45,"15":9,"16":9,"17":45,"18":9,"19":9,"20":9,"21":9,"22":9,"23":45,"24":9,"25":9,"26":9,"27":9,"28":9,"29":9,"30":9,"31":9,"32":36,"33":36,"34":17,"35":17,"36":17,"37":17,"38":17,"39":17,"40":136,"41":136},"f":{},"b":{}}
,"/home/runner/work/OC5-testing-an-application/OC5-testing-an-application/front/src/app/features/sessions/components/list/list.component.ts": {"path":"/home/runner/work/OC5-testing-an-application/OC5-testing-an-application/front/src/app/features/sessions/components/list/list.component.ts","statementMap":{"0":{"start":{"line":13,"column":0},"end":{"line":13,"column":6}},"1":{"start":{"line":18,"column":12},"end":{"line":18,"column":null}},"2":{"start":{"line":19,"column":12},"end":{"line":19,"column":48}},"3":{"start":{"line":15,"column":9},"end":{"line":15,"column":44}},"4":{"start":{"line":23,"column":4},"end":{"line":23,"column":11}},"5":{"start":{"line":13,"column":13},"end":{"line":13,"column":null}}},"fnMap":{"0":{"name":"(anonymous_5)","decl":{"start":{"line":13,"column":0},"end":{"line":13,"column":6}},"loc":{"start":{"line":13,"column":0},"end":{"line":13,"column":6}}},"1":{"name":"(anonymous_6)","decl":{"start":{"line":17,"column":2},"end":{"line":17,"column":null}},"loc":{"start":{"line":19,"column":48},"end":{"line":20,"column":null}}},"2":{"name":"(anonymous_7)","decl":{"start":{"line":22,"column":10},"end":{"line":22,"column":null}},"loc":{"start":{"line":22,"column":10},"end":{"line":24,"column":null}}}},"branchMap":{"0":{"loc":{"start":{"line":13,"column":13},"end":{"line":13,"column":26}},"type":"binary-expr","locations":[{"start":{"line":13,"column":13},"end":{"line":13,"column":26}},{"start":{"line":13,"column":13},"end":{"line":13,"column":26}}]}},"s":{"0":30,"1":17,"2":17,"3":17,"4":86,"5":17},"f":{"0":15,"1":17,"2":86},"b":{"0":[17,17]}}
,"/home/runner/work/OC5-testing-an-application/OC5-testing-an-application/front/src/app/features/sessions/services/session-api.service.ts": {"path":"/home/runner/work/OC5-testing-an-application/OC5-testing-an-application/front/src/app/features/sessions/services/session-api.service.ts","statementMap":{"0":{"start":{"line":9,"column":0},"end":{"line":9,"column":6}},"1":{"start":{"line":13,"column":22},"end":{"line":13,"column":44}},"2":{"start":{"line":11,"column":10},"end":{"line":11,"column":24}},"3":{"start":{"line":17,"column":4},"end":{"line":17,"column":11}},"4":{"start":{"line":21,"column":4},"end":{"line":21,"column":11}},"5":{"start":{"line":25,"column":4},"end":{"line":25,"column":11}},"6":{"start":{"line":29,"column":4},"end":{"line":29,"column":11}},"7":{"start":{"line":33,"column":4},"end":{"line":33,"column":11}},"8":{"start":{"line":37,"column":4},"end":{"line":37,"column":11}},"9":{"start":{"line":41,"column":4},"end":{"line":41,"column":11}},"10":{"start":{"line":9,"column":13},"end":{"line":9,"column":null}}},"fnMap":{"0":{"name":"(anonymous_0)","decl":{"start":{"line":9,"column":0},"end":{"line":9,"column":6}},"loc":{"start":{"line":9,"column":0},"end":{"line":9,"column":6}}},"1":{"name":"(anonymous_1)","decl":{"start":{"line":13,"column":2},"end":{"line":13,"column":22}},"loc":{"start":{"line":13,"column":44},"end":{"line":14,"column":null}}},"2":{"name":"(anonymous_2)","decl":{"start":{"line":16,"column":9},"end":{"line":16,"column":12}},"loc":{"start":{"line":16,"column":12},"end":{"line":18,"column":null}}},"3":{"name":"(anonymous_3)","decl":{"start":{"line":20,"column":9},"end":{"line":20,"column":15}},"loc":{"start":{"line":20,"column":26},"end":{"line":22,"column":null}}},"4":{"name":"(anonymous_4)","decl":{"start":{"line":24,"column":9},"end":{"line":24,"column":15}},"loc":{"start":{"line":24,"column":26},"end":{"line":26,"column":null}}},"5":{"name":"(anonymous_5)","decl":{"start":{"line":28,"column":9},"end":{"line":28,"column":15}},"loc":{"start":{"line":28,"column":32},"end":{"line":30,"column":null}}},"6":{"name":"(anonymous_6)","decl":{"start":{"line":32,"column":9},"end":{"line":32,"column":15}},"loc":{"start":{"line":32,"column":44},"end":{"line":34,"column":null}}},"7":{"name":"(anonymous_7)","decl":{"start":{"line":36,"column":9},"end":{"line":36,"column":20}},"loc":{"start":{"line":36,"column":47},"end":{"line":38,"column":null}}},"8":{"name":"(anonymous_8)","decl":{"start":{"line":40,"column":9},"end":{"line":40,"column":22}},"loc":{"start":{"line":40,"column":49},"end":{"line":42,"column":null}}}},"branchMap":{"0":{"loc":{"start":{"line":9,"column":13},"end":{"line":9,"column":30}},"type":"binary-expr","locations":[{"start":{"line":9,"column":13},"end":{"line":9,"column":30}},{"start":{"line":9,"column":13},"end":{"line":9,"column":30}}]}},"s":{"0":30,"1":14,"2":14,"3":17,"4":6,"5":1,"6":1,"7":1,"8":1,"9":0,"10":14},"f":{"0":15,"1":14,"2":17,"3":6,"4":1,"5":1,"6":1,"7":1,"8":0},"b":{"0":[14,14]}}
,"/home/runner/work/OC5-testing-an-application/OC5-testing-an-application/front/src/app/guards/auth.guard.ts": {"path":"/home/runner/work/OC5-testing-an-application/OC5-testing-an-application/front/src/app/guards/auth.guard.ts","statementMap":{"0":{"start":{"line":6,"column":0},"end":{"line":6,"column":6}},"1":{"start":{"line":9,"column":12},"end":{"line":9,"column":null}},"2":{"start":{"line":10,"column":12},"end":{"line":10,"column":42}},"3":{"start":{"line":15,"column":4},"end":{"line":18,"column":null}},"4":{"start":{"line":16,"column":6},"end":{"line":16,"column":11}},"5":{"start":{"line":17,"column":6},"end":{"line":17,"column":13}},"6":{"start":{"line":19,"column":4},"end":{"line":19,"column":11}},"7":{"start":{"line":6,"column":13},"end":{"line":6,"column":null}}},"fnMap":{"0":{"name":"(anonymous_0)","decl":{"start":{"line":6,"column":0},"end":{"line":6,"column":6}},"loc":{"start":{"line":6,"column":0},"end":{"line":6,"column":6}}},"1":{"name":"(anonymous_1)","decl":{"start":{"line":8,"column":2},"end":{"line":8,"column":null}},"loc":{"start":{"line":10,"column":42},"end":{"line":12,"column":null}}},"2":{"name":"(anonymous_2)","decl":{"start":{"line":14,"column":9},"end":{"line":14,"column":20}},"loc":{"start":{"line":14,"column":20},"end":{"line":20,"column":null}}}},"branchMap":{"0":{"loc":{"start":{"line":15,"column":4},"end":{"line":18,"column":null}},"type":"if","locations":[{"start":{"line":15,"column":4},"end":{"line":18,"column":null}},{"start":{"line":15,"column":4},"end":{"line":18,"column":null}}]},"1":{"loc":{"start":{"line":6,"column":13},"end":{"line":6,"column":22}},"type":"binary-expr","locations":[{"start":{"line":6,"column":13},"end":{"line":6,"column":22}},{"start":{"line":6,"column":13},"end":{"line":6,"column":22}}]}},"s":{"0":48,"1":15,"2":15,"3":18,"4":1,"5":1,"6":17,"7":15},"f":{"0":24,"1":15,"2":18},"b":{"0":[1,17],"1":[15,15]}}
,"/home/runner/work/OC5-testing-an-application/OC5-testing-an-application/front/src/app/guards/unauth.guard.ts": {"path":"/home/runner/work/OC5-testing-an-application/OC5-testing-an-application/front/src/app/guards/unauth.guard.ts","statementMap":{"0":{"start":{"line":6,"column":0},"end":{"line":6,"column":6}},"1":{"start":{"line":9,"column":12},"end":{"line":9,"column":null}},"2":{"start":{"line":10,"column":12},"end":{"line":10,"column":42}},"3":{"start":{"line":15,"column":4},"end":{"line":18,"column":null}},"4":{"start":{"line":16,"column":6},"end":{"line":16,"column":11}},"5":{"start":{"line":17,"column":6},"end":{"line":17,"column":13}},"6":{"start":{"line":19,"column":4},"end":{"line":19,"column":11}},"7":{"start":{"line":6,"column":13},"end":{"line":6,"column":null}}},"fnMap":{"0":{"name":"(anonymous_0)","decl":{"start":{"line":6,"column":0},"end":{"line":6,"column":6}},"loc":{"start":{"line":6,"column":0},"end":{"line":6,"column":6}}},"1":{"name":"(anonymous_1)","decl":{"start":{"line":8,"column":2},"end":{"line":8,"column":null}},"loc":{"start":{"line":10,"column":42},"end":{"line":12,"column":null}}},"2":{"name":"(anonymous_2)","decl":{"start":{"line":14,"column":9},"end":{"line":14,"column":20}},"loc":{"start":{"line":14,"column":20},"end":{"line":20,"column":null}}}},"branchMap":{"0":{"loc":{"start":{"line":15,"column":4},"end":{"line":18,"column":null}},"type":"if","locations":[{"start":{"line":15,"column":4},"end":{"line":18,"column":null}},{"start":{"line":15,"column":4},"end":{"line":18,"column":null}}]},"1":{"loc":{"start":{"line":6,"column":13},"end":{"line":6,"column":24}},"type":"binary-expr","locations":[{"start":{"line":6,"column":13},"end":{"line":6,"column":24}},{"start":{"line":6,"column":13},"end":{"line":6,"column":24}}]}},"s":{"0":48,"1":23,"2":23,"3":24,"4":0,"5":0,"6":24,"7":23},"f":{"0":24,"1":23,"2":24},"b":{"0":[0,24],"1":[23,23]}}
,"/home/runner/work/OC5-testing-an-application/OC5-testing-an-application/front/src/app/interceptors/jwt.interceptor.ts": {"path":"/home/runner/work/OC5-testing-an-application/OC5-testing-an-application/front/src/app/interceptors/jwt.interceptor.ts","statementMap":{"0":{"start":{"line":6,"column":0},"end":{"line":6,"column":6}},"1":{"start":{"line":7,"column":22},"end":{"line":7,"column":52}},"2":{"start":{"line":10,"column":4},"end":{"line":16,"column":null}},"3":{"start":{"line":11,"column":6},"end":{"line":11,"column":13}},"4":{"start":{"line":17,"column":4},"end":{"line":17,"column":11}},"5":{"start":{"line":6,"column":13},"end":{"line":6,"column":null}}},"fnMap":{"0":{"name":"(anonymous_0)","decl":{"start":{"line":6,"column":0},"end":{"line":6,"column":6}},"loc":{"start":{"line":6,"column":0},"end":{"line":6,"column":6}}},"1":{"name":"(anonymous_1)","decl":{"start":{"line":7,"column":2},"end":{"line":7,"column":22}},"loc":{"start":{"line":7,"column":52},"end":{"line":7,"column":null}}},"2":{"name":"(anonymous_2)","decl":{"start":{"line":9,"column":9},"end":{"line":9,"column":18}},"loc":{"start":{"line":9,"column":63},"end":{"line":18,"column":null}}}},"branchMap":{"0":{"loc":{"start":{"line":10,"column":4},"end":{"line":16,"column":null}},"type":"if","locations":[{"start":{"line":10,"column":4},"end":{"line":16,"column":null}},{"start":{"line":10,"column":4},"end":{"line":16,"column":null}}]},"1":{"loc":{"start":{"line":6,"column":13},"end":{"line":6,"column":27}},"type":"binary-expr","locations":[{"start":{"line":6,"column":13},"end":{"line":6,"column":27}},{"start":{"line":6,"column":13},"end":{"line":6,"column":27}}]}},"s":{"0":48,"1":17,"2":57,"3":40,"4":57,"5":17},"f":{"0":24,"1":17,"2":57},"b":{"0":[40,17],"1":[17,17]}}
,"/home/runner/work/OC5-testing-an-application/OC5-testing-an-application/front/src/app/services/session.service.ts": {"path":"/home/runner/work/OC5-testing-an-application/OC5-testing-an-application/front/src/app/services/session.service.ts","statementMap":{"0":{"start":{"line":8,"column":0},"end":{"line":8,"column":6}},"1":{"start":{"line":10,"column":9},"end":{"line":10,"column":20}},"2":{"start":{"line":13,"column":10},"end":{"line":13,"column":28}},"3":{"start":{"line":16,"column":4},"end":{"line":16,"column":11}},"4":{"start":{"line":20,"column":4},"end":{"line":20,"column":9}},"5":{"start":{"line":21,"column":4},"end":{"line":21,"column":9}},"6":{"start":{"line":22,"column":4},"end":{"line":22,"column":9}},"7":{"start":{"line":26,"column":4},"end":{"line":26,"column":9}},"8":{"start":{"line":27,"column":4},"end":{"line":27,"column":9}},"9":{"start":{"line":28,"column":4},"end":{"line":28,"column":9}},"10":{"start":{"line":32,"column":4},"end":{"line":32,"column":9}},"11":{"start":{"line":8,"column":13},"end":{"line":8,"column":27}}},"fnMap":{"0":{"name":"(anonymous_0)","decl":{"start":{"line":8,"column":0},"end":{"line":8,"column":6}},"loc":{"start":{"line":8,"column":0},"end":{"line":8,"column":6}}},"1":{"name":"(anonymous_1)","decl":{"start":{"line":5,"column":0},"end":{"line":5,"column":null}},"loc":{"start":{"line":5,"column":0},"end":{"line":34,"column":null}}},"2":{"name":"(anonymous_2)","decl":{"start":{"line":15,"column":9},"end":{"line":15,"column":18}},"loc":{"start":{"line":15,"column":18},"end":{"line":17,"column":null}}},"3":{"name":"(anonymous_3)","decl":{"start":{"line":19,"column":9},"end":{"line":19,"column":14}},"loc":{"start":{"line":19,"column":39},"end":{"line":23,"column":null}}},"4":{"name":"(anonymous_4)","decl":{"start":{"line":25,"column":9},"end":{"line":25,"column":15}},"loc":{"start":{"line":25,"column":15},"end":{"line":29,"column":null}}},"5":{"name":"(anonymous_5)","decl":{"start":{"line":31,"column":10},"end":{"line":31,"column":14}},"loc":{"start":{"line":31,"column":14},"end":{"line":33,"column":null}}}},"branchMap":{"0":{"loc":{"start":{"line":8,"column":13},"end":{"line":8,"column":27}},"type":"binary-expr","locations":[{"start":{"line":8,"column":13},"end":{"line":8,"column":27}},{"start":{"line":8,"column":13},"end":{"line":8,"column":27}}]}},"s":{"0":48,"1":24,"2":24,"3":1090,"4":14,"5":14,"6":14,"7":1,"8":1,"9":1,"10":15,"11":24},"f":{"0":24,"1":24,"2":1090,"3":14,"4":1,"5":15},"b":{"0":[24,24]}}
,"/home/runner/work/OC5-testing-an-application/OC5-testing-an-application/front/src/app/services/teacher.service.ts": {"path":"/home/runner/work/OC5-testing-an-application/OC5-testing-an-application/front/src/app/services/teacher.service.ts","statementMap":{"0":{"start":{"line":9,"column":0},"end":{"line":9,"column":6}},"1":{"start":{"line":13,"column":22},"end":{"line":13,"column":44}},"2":{"start":{"line":11,"column":10},"end":{"line":11,"column":24}},"3":{"start":{"line":16,"column":4},"end":{"line":16,"column":11}},"4":{"start":{"line":20,"column":4},"end":{"line":20,"column":11}},"5":{"start":{"line":9,"column":13},"end":{"line":9,"column":null}}},"fnMap":{"0":{"name":"(anonymous_0)","decl":{"start":{"line":9,"column":0},"end":{"line":9,"column":6}},"loc":{"start":{"line":9,"column":0},"end":{"line":9,"column":6}}},"1":{"name":"(anonymous_1)","decl":{"start":{"line":13,"column":2},"end":{"line":13,"column":22}},"loc":{"start":{"line":13,"column":44},"end":{"line":13,"column":null}}},"2":{"name":"(anonymous_2)","decl":{"start":{"line":15,"column":9},"end":{"line":15,"column":12}},"loc":{"start":{"line":15,"column":12},"end":{"line":17,"column":null}}},"3":{"name":"(anonymous_3)","decl":{"start":{"line":19,"column":9},"end":{"line":19,"column":15}},"loc":{"start":{"line":19,"column":26},"end":{"line":21,"column":null}}}},"branchMap":{"0":{"loc":{"start":{"line":9,"column":13},"end":{"line":9,"column":27}},"type":"binary-expr","locations":[{"start":{"line":9,"column":13},"end":{"line":9,"column":27}},{"start":{"line":9,"column":13},"end":{"line":9,"column":27}}]}},"s":{"0":30,"1":7,"2":7,"3":4,"4":5,"5":7},"f":{"0":15,"1":7,"2":4,"3":5},"b":{"0":[7,7]}}
,"/home/runner/work/OC5-testing-an-application/OC5-testing-an-application/front/src/app/services/user.service.ts": {"path":"/home/runner/work/OC5-testing-an-application/OC5-testing-an-application/front/src/app/services/user.service.ts","statementMap":{"0":{"start":{"line":9,"column":0},"end":{"line":9,"column":6}},"1":{"start":{"line":13,"column":22},"end":{"line":13,"column":44}},"2":{"start":{"line":11,"column":10},"end":{"line":11,"column":24}},"3":{"start":{"line":16,"column":4},"end":{"line":16,"column":11}},"4":{"start":{"line":20,"column":4},"end":{"line":20,"column":11}},"5":{"start":{"line":9,"column":13},"end":{"line":9,"column":null}}},"fnMap":{"0":{"name":"(anonymous_0)","decl":{"start":{"line":9,"column":0},"end":{"line":9,"column":6}},"loc":{"start":{"line":9,"column":0},"end":{"line":9,"column":6}}},"1":{"name":"(anonymous_1)","decl":{"start":{"line":13,"column":2},"end":{"line":13,"column":22}},"loc":{"start":{"line":13,"column":44},"end":{"line":13,"column":null}}},"2":{"name":"(anonymous_2)","decl":{"start":{"line":15,"column":9},"end":{"line":15,"column":16}},"loc":{"start":{"line":15,"column":27},"end":{"line":17,"column":null}}},"3":{"name":"(anonymous_3)","decl":{"start":{"line":19,"column":9},"end":{"line":19,"column":15}},"loc":{"start":{"line":19,"column":26},"end":{"line":21,"column":null}}}},"branchMap":{"0":{"loc":{"start":{"line":9,"column":13},"end":{"line":9,"column":24}},"type":"binary-expr","locations":[{"start":{"line":9,"column":13},"end":{"line":9,"column":24}},{"start":{"line":9,"column":13},"end":{"line":9,"column":24}}]}},"s":{"0":48,"1":3,"2":3,"3":3,"4":1,"5":3},"f":{"0":24,"1":3,"2":3,"3":1},"b":{"0":[3,3]}}
}
