TN:
SF:src/app/app-routing.module.ts
FN:12,(anonymous_0)
FN:12,(anonymous_1)
FN:17,(anonymous_2)
FN:17,(anonymous_3)
FN:32,(anonymous_4)
FNF:5
FNH:5
FNDA:24,(anonymous_0)
FNDA:24,(anonymous_1)
FNDA:15,(anonymous_2)
FNDA:15,(anonymous_3)
FNDA:24,(anonymous_4)
DA:8,24
DA:12,24
DA:17,15
DA:32,48
LF:4
LH:4
BRDA:32,0,0,24
BRDA:32,0,1,24
BRF:2
BRH:2
end_of_record
TN:
SF:src/app/app.component.ts
FN:13,(anonymous_3)
FN:14,(anonymous_4)
FN:20,(anonymous_5)
FN:24,(anonymous_6)
FNF:4
FNH:3
FNDA:24,(anonymous_3)
FNDA:24,(anonymous_4)
FNDA:1090,(anonymous_5)
FNDA:0,(anonymous_6)
DA:13,48
DA:15,24
DA:16,24
DA:17,24
DA:21,1090
DA:25,0
DA:26,0
LF:7
LH:5
BRDA:13,0,0,24
BRDA:13,0,1,24
BRF:2
BRH:2
end_of_record
TN:
SF:src/app/app.module.ts
FN:45,(anonymous_0)
FNF:1
FNH:1
FNDA:24,(anonymous_0)
DA:18,24
DA:45,48
LF:2
LH:2
BRDA:45,0,0,24
BRDA:45,0,1,24
BRF:2
BRH:2
end_of_record
TN:
SF:src/app/components/me/me.component.ts
FN:13,(anonymous_4)
FN:17,(anonymous_5)
FN:23,(anonymous_6)
FN:26,(anonymous_7)
FN:29,(anonymous_8)
FN:33,(anonymous_9)
FN:36,(anonymous_10)
FNF:7
FNH:7
FNDA:24,(anonymous_4)
FNDA:3,(anonymous_5)
FNDA:3,(anonymous_6)
FNDA:3,(anonymous_7)
FNDA:1,(anonymous_8)
FNDA:1,(anonymous_9)
FNDA:1,(anonymous_10)
DA:13,48
DA:17,3
DA:18,3
DA:19,3
DA:20,3
DA:24,3
DA:26,3
DA:30,1
DA:34,1
DA:37,1
DA:38,1
DA:39,1
LF:12
LH:12
BRDA:13,0,0,3
BRDA:13,0,1,3
BRF:2
BRH:2
end_of_record
TN:
SF:src/app/components/not-found/not-found.component.ts
FN:8,(anonymous_0)
FNF:1
FNH:1
FNDA:24,(anonymous_0)
DA:8,48
LF:1
LH:1
BRDA:8,0,0,1
BRDA:8,0,1,1
BRF:2
BRH:2
end_of_record
TN:
SF:src/app/features/auth/auth-routing.module.ts
FN:16,(anonymous_0)
FNF:1
FNH:1
FNDA:24,(anonymous_0)
DA:7,24
DA:16,48
LF:2
LH:2
BRDA:16,0,0,24
BRDA:16,0,1,24
BRF:2
BRH:2
end_of_record
TN:
SF:src/app/features/auth/auth.module.ts
FN:36,(anonymous_0)
FNF:1
FNH:1
FNDA:24,(anonymous_0)
DA:14,24
DA:36,48
LF:2
LH:2
BRDA:36,0,0,24
BRDA:36,0,1,24
BRF:2
BRH:2
end_of_record
TN:
SF:src/app/features/auth/components/login/login.component.ts
FN:14,(anonymous_1)
FN:35,(anonymous_2)
FN:41,(anonymous_3)
FN:44,(anonymous_4)
FN:48,(anonymous_5)
FNF:5
FNH:5
FNDA:24,(anonymous_1)
FNDA:19,(anonymous_2)
FNDA:15,(anonymous_3)
FNDA:14,(anonymous_4)
FNDA:1,(anonymous_5)
DA:14,48
DA:15,19
DA:16,19
DA:18,19
DA:35,19
DA:36,19
DA:37,19
DA:38,19
DA:42,15
DA:43,15
DA:45,14
DA:46,14
DA:48,1
LF:13
LH:13
BRDA:14,0,0,19
BRDA:14,0,1,19
BRF:2
BRH:2
end_of_record
TN:
SF:src/app/features/auth/components/register/register.component.ts
FN:12,(anonymous_1)
FN:50,(anonymous_2)
FN:55,(anonymous_3)
FN:58,(anonymous_4)
FN:59,(anonymous_5)
FNF:5
FNH:5
FNDA:24,(anonymous_1)
FNDA:4,(anonymous_2)
FNDA:2,(anonymous_3)
FNDA:1,(anonymous_4)
FNDA:1,(anonymous_5)
DA:12,48
DA:14,4
DA:16,4
DA:50,4
DA:51,4
DA:52,4
DA:56,2
DA:57,2
DA:58,1
DA:59,1
LF:10
LH:10
BRDA:12,0,0,4
BRDA:12,0,1,4
BRF:2
BRH:2
end_of_record
TN:
SF:src/app/features/auth/services/auth.service.ts
FN:11,(anonymous_0)
FN:15,(anonymous_1)
FN:17,(anonymous_2)
FN:21,(anonymous_3)
FNF:4
FNH:4
FNDA:24,(anonymous_0)
FNDA:24,(anonymous_1)
FNDA:2,(anonymous_2)
FNDA:15,(anonymous_3)
DA:11,48
DA:13,24
DA:15,24
DA:18,2
DA:22,15
LF:5
LH:5
BRDA:11,0,0,24
BRDA:11,0,1,24
BRF:2
BRH:2
end_of_record
TN:
SF:src/app/features/sessions/sessions-routing.module.ts
FN:18,(anonymous_0)
FNF:1
FNH:1
FNDA:15,(anonymous_0)
DA:7,15
DA:18,30
LF:2
LH:2
BRDA:18,0,0,15
BRDA:18,0,1,15
BRF:2
BRH:2
end_of_record
TN:
SF:src/app/features/sessions/sessions.module.ts
FN:43,(anonymous_0)
FNF:1
FNH:1
FNDA:15,(anonymous_0)
DA:17,15
DA:19,15
DA:43,30
LF:3
LH:3
BRDA:43,0,0,15
BRDA:43,0,1,15
BRF:2
BRH:2
end_of_record
TN:
SF:src/app/features/sessions/components/detail/detail.component.ts
FN:16,(anonymous_10)
FN:26,(anonymous_11)
FN:39,(anonymous_12)
FN:43,(anonymous_13)
FN:47,(anonymous_14)
FN:50,(anonymous_15)
FN:57,(anonymous_16)
FN:60,(anonymous_17)
FN:63,(anonymous_18)
FN:64,(anonymous_19)
FN:67,(anonymous_20)
FN:70,(anonymous_21)
FN:72,(anonymous_22)
FN:75,(anonymous_23)
FNF:14
FNH:10
FNDA:15,(anonymous_10)
FNDA:4,(anonymous_11)
FNDA:4,(anonymous_12)
FNDA:0,(anonymous_13)
FNDA:1,(anonymous_14)
FNDA:1,(anonymous_15)
FNDA:1,(anonymous_16)
FNDA:1,(anonymous_17)
FNDA:0,(anonymous_18)
FNDA:0,(anonymous_19)
FNDA:5,(anonymous_20)
FNDA:5,(anonymous_21)
FNDA:0,(anonymous_22)
FNDA:4,(anonymous_23)
DA:16,30
DA:20,4
DA:21,4
DA:27,4
DA:28,4
DA:29,4
DA:30,4
DA:31,4
DA:32,4
DA:33,4
DA:34,4
DA:35,4
DA:36,4
DA:40,4
DA:44,0
DA:48,1
DA:51,1
DA:52,1
DA:58,1
DA:60,1
DA:64,0
DA:68,5
DA:71,5
DA:72,5
DA:73,5
DA:75,4
LF:26
LH:24
BRDA:16,0,0,4
BRDA:16,0,1,4
BRF:2
BRH:2
end_of_record
TN:
SF:src/app/features/sessions/components/form/form.component.ts
FN:15,(anonymous_5)
FN:22,(anonymous_6)
FN:33,(anonymous_7)
FN:43,(anonymous_8)
FN:49,(anonymous_9)
FN:55,(anonymous_10)
FN:59,(anonymous_11)
FN:63,(anonymous_12)
FN:87,(anonymous_13)
FNF:9
FNH:8
FNDA:15,(anonymous_5)
FNDA:4,(anonymous_6)
FNDA:4,(anonymous_7)
FNDA:1,(anonymous_8)
FNDA:2,(anonymous_9)
FNDA:0,(anonymous_10)
FNDA:1,(anonymous_11)
FNDA:4,(anonymous_12)
FNDA:1,(anonymous_13)
DA:15,30
DA:17,4
DA:19,4
DA:23,4
DA:24,4
DA:25,4
DA:26,4
DA:27,4
DA:28,4
DA:29,4
DA:34,4
DA:35,0
DA:37,4
DA:38,4
DA:39,1
DA:40,1
DA:41,1
DA:43,1
DA:45,3
DA:50,2
DA:52,2
DA:53,1
DA:55,0
DA:57,1
DA:59,1
DA:64,4
DA:88,1
DA:89,1
LF:28
LH:26
BRDA:34,0,0,0
BRDA:34,0,1,4
BRDA:38,1,0,1
BRDA:38,1,1,3
BRDA:52,2,0,1
BRDA:52,2,1,1
BRDA:66,3,0,1
BRDA:66,3,1,3
BRDA:70,4,0,1
BRDA:70,4,1,3
BRDA:74,5,0,1
BRDA:74,5,1,3
BRDA:78,6,0,1
BRDA:78,6,1,3
BRDA:15,7,0,4
BRDA:15,7,1,4
BRF:16
BRH:15
end_of_record
TN:
SF:src/app/features/sessions/components/list/list.component.ts
FN:13,(anonymous_5)
FN:17,(anonymous_6)
FN:22,(anonymous_7)
FNF:3
FNH:3
FNDA:15,(anonymous_5)
FNDA:17,(anonymous_6)
FNDA:86,(anonymous_7)
DA:13,30
DA:15,17
DA:18,17
DA:19,17
DA:23,86
LF:5
LH:5
BRDA:13,0,0,17
BRDA:13,0,1,17
BRF:2
BRH:2
end_of_record
TN:
SF:src/app/features/sessions/services/session-api.service.ts
FN:9,(anonymous_0)
FN:13,(anonymous_1)
FN:16,(anonymous_2)
FN:20,(anonymous_3)
FN:24,(anonymous_4)
FN:28,(anonymous_5)
FN:32,(anonymous_6)
FN:36,(anonymous_7)
FN:40,(anonymous_8)
FNF:9
FNH:8
FNDA:15,(anonymous_0)
FNDA:14,(anonymous_1)
FNDA:17,(anonymous_2)
FNDA:6,(anonymous_3)
FNDA:1,(anonymous_4)
FNDA:1,(anonymous_5)
FNDA:1,(anonymous_6)
FNDA:1,(anonymous_7)
FNDA:0,(anonymous_8)
DA:9,30
DA:11,14
DA:13,14
DA:17,17
DA:21,6
DA:25,1
DA:29,1
DA:33,1
DA:37,1
DA:41,0
LF:10
LH:9
BRDA:9,0,0,14
BRDA:9,0,1,14
BRF:2
BRH:2
end_of_record
TN:
SF:src/app/guards/auth.guard.ts
FN:6,(anonymous_0)
FN:8,(anonymous_1)
FN:14,(anonymous_2)
FNF:3
FNH:3
FNDA:24,(anonymous_0)
FNDA:15,(anonymous_1)
FNDA:18,(anonymous_2)
DA:6,48
DA:9,15
DA:10,15
DA:15,18
DA:16,1
DA:17,1
DA:19,17
LF:7
LH:7
BRDA:15,0,0,1
BRDA:15,0,1,17
BRDA:6,1,0,15
BRDA:6,1,1,15
BRF:4
BRH:4
end_of_record
TN:
SF:src/app/guards/unauth.guard.ts
FN:6,(anonymous_0)
FN:8,(anonymous_1)
FN:14,(anonymous_2)
FNF:3
FNH:3
FNDA:24,(anonymous_0)
FNDA:23,(anonymous_1)
FNDA:24,(anonymous_2)
DA:6,48
DA:9,23
DA:10,23
DA:15,24
DA:16,0
DA:17,0
DA:19,24
LF:7
LH:5
BRDA:15,0,0,0
BRDA:15,0,1,24
BRDA:6,1,0,23
BRDA:6,1,1,23
BRF:4
BRH:3
end_of_record
TN:
SF:src/app/interceptors/jwt.interceptor.ts
FN:6,(anonymous_0)
FN:7,(anonymous_1)
FN:9,(anonymous_2)
FNF:3
FNH:3
FNDA:24,(anonymous_0)
FNDA:17,(anonymous_1)
FNDA:57,(anonymous_2)
DA:6,48
DA:7,17
DA:10,57
DA:11,40
DA:17,57
LF:5
LH:5
BRDA:10,0,0,40
BRDA:10,0,1,17
BRDA:6,1,0,17
BRDA:6,1,1,17
BRF:4
BRH:4
end_of_record
TN:
SF:src/app/services/session.service.ts
FN:8,(anonymous_0)
FN:5,(anonymous_1)
FN:15,(anonymous_2)
FN:19,(anonymous_3)
FN:25,(anonymous_4)
FN:31,(anonymous_5)
FNF:6
FNH:6
FNDA:24,(anonymous_0)
FNDA:24,(anonymous_1)
FNDA:1090,(anonymous_2)
FNDA:14,(anonymous_3)
FNDA:1,(anonymous_4)
FNDA:15,(anonymous_5)
DA:8,48
DA:10,24
DA:13,24
DA:16,1090
DA:20,14
DA:21,14
DA:22,14
DA:26,1
DA:27,1
DA:28,1
DA:32,15
LF:11
LH:11
BRDA:8,0,0,24
BRDA:8,0,1,24
BRF:2
BRH:2
end_of_record
TN:
SF:src/app/services/teacher.service.ts
FN:9,(anonymous_0)
FN:13,(anonymous_1)
FN:15,(anonymous_2)
FN:19,(anonymous_3)
FNF:4
FNH:4
FNDA:15,(anonymous_0)
FNDA:7,(anonymous_1)
FNDA:4,(anonymous_2)
FNDA:5,(anonymous_3)
DA:9,30
DA:11,7
DA:13,7
DA:16,4
DA:20,5
LF:5
LH:5
BRDA:9,0,0,7
BRDA:9,0,1,7
BRF:2
BRH:2
end_of_record
TN:
SF:src/app/services/user.service.ts
FN:9,(anonymous_0)
FN:13,(anonymous_1)
FN:15,(anonymous_2)
FN:19,(anonymous_3)
FNF:4
FNH:4
FNDA:24,(anonymous_0)
FNDA:3,(anonymous_1)
FNDA:3,(anonymous_2)
FNDA:1,(anonymous_3)
DA:9,48
DA:11,3
DA:13,3
DA:16,3
DA:20,1
LF:5
LH:5
BRDA:9,0,0,3
BRDA:9,0,1,3
BRF:2
BRH:2
end_of_record
